Using pre-set license
Built from '2020.3/release' branch; Version is '2020.3.31f1 (6b54b7616050) revision 7034039'; Using compiler version '192528614'; Build Type 'Release'
OS: 'Windows 11  (10.0.22000) 64bit Professional' Language: 'en' Physical Memory: 8066 MB
BatchMode: 1, IsHumanControllingUs: 0, StartBugReporterOnCrash: 0, Is64bit: 1, IsPro: 0

COMMAND LINE ARGUMENTS:
C:\Program Files\Unity\Hub\Editor\2020.3.31f1\Editor\Unity.exe
-adb2
-batchMode
-noUpm
-name
AssetImportWorker0
-projectPath
C:/Users/User/FLYSMART
-logFile
Logs/AssetImportWorker0.log
-srvPort
53227
Successfully changed project path to: C:/Users/User/FLYSMART
C:/Users/User/FLYSMART
Using Asset Import Pipeline V2.
Refreshing native plugins compatible for Editor in 40.79 ms, found 2 plugins.
Preloading 0 native plugins for Editor in 0.00 ms.
Initialize engine version: 2020.3.31f1 (6b54b7616050)
[Subsystems] Discovering subsystems at path C:/Program Files/Unity/Hub/Editor/2020.3.31f1/Editor/Data/Resources/UnitySubsystems
[Subsystems] Discovering subsystems at path C:/Users/User/FLYSMART/Assets
GfxDevice: creating device client; threaded=0
Direct3D:
    Version:  Direct3D 11.0 [level 11.1]
    Renderer: NVIDIA GeForce MX150 (ID=0x1d10)
    Vendor:   
    VRAM:     4027 MB
    Driver:   26.21.14.3630
Initialize mono
Mono path[0] = 'C:/Program Files/Unity/Hub/Editor/2020.3.31f1/Editor/Data/Managed'
Mono path[1] = 'C:/Program Files/Unity/Hub/Editor/2020.3.31f1/Editor/Data/MonoBleedingEdge/lib/mono/unityjit'
Mono config path = 'C:/Program Files/Unity/Hub/Editor/2020.3.31f1/Editor/Data/MonoBleedingEdge/etc'
Using monoOptions --debugger-agent=transport=dt_socket,embedding=1,server=y,suspend=n,address=127.0.0.1:56192
Begin MonoManager ReloadAssembly
Registering precompiled unity dll's ...
Register platform support module: C:/Program Files/Unity/Hub/Editor/2020.3.31f1/Editor/Data/PlaybackEngines/WindowsStandaloneSupport/UnityEditor.WindowsStandalone.Extensions.dll
Registered in 0.001369 seconds.
Native extension for WindowsStandalone target not found
Refreshing native plugins compatible for Editor in 35.97 ms, found 2 plugins.
Preloading 0 native plugins for Editor in 0.00 ms.
Mono: successfully reloaded assembly
- Completed reload, in  0.731 seconds
Domain Reload Profiling:
	ReloadAssembly (732ms)
		BeginReloadAssembly (62ms)
			ExecutionOrderSort (0ms)
			DisableScriptedObjects (0ms)
			BackupInstance (0ms)
			ReleaseScriptingObjects (0ms)
			CreateAndSetChildDomain (1ms)
		EndReloadAssembly (599ms)
			LoadAssemblies (61ms)
			RebuildTransferFunctionScriptingTraits (0ms)
			SetupTypeCache (146ms)
			ReleaseScriptCaches (0ms)
			RebuildScriptCaches (35ms)
			SetupLoadedEditorAssemblies (152ms)
				LogAssemblyErrors (0ms)
				InitializePlatformSupportModulesInManaged (4ms)
				SetLoadedEditorAssemblies (0ms)
				RefreshPlugins (36ms)
				BeforeProcessingInitializeOnLoad (9ms)
				ProcessInitializeOnLoadAttributes (77ms)
				ProcessInitializeOnLoadMethodAttributes (26ms)
				AfterProcessingInitializeOnLoad (0ms)
				EditorAssembliesLoaded (0ms)
			ExecutionOrderSort2 (0ms)
			AwakeInstancesAfterBackupRestoration (0ms)
Platform modules already initialized, skipping
Registering precompiled user dll's ...
Registered in 0.008044 seconds.
Begin MonoManager ReloadAssembly
Native extension for WindowsStandalone target not found
Refreshing native plugins compatible for Editor in 35.90 ms, found 2 plugins.
Preloading 0 native plugins for Editor in 0.00 ms.
Mono: successfully reloaded assembly
- Completed reload, in  1.393 seconds
Domain Reload Profiling:
	ReloadAssembly (1394ms)
		BeginReloadAssembly (138ms)
			ExecutionOrderSort (0ms)
			DisableScriptedObjects (4ms)
			BackupInstance (0ms)
			ReleaseScriptingObjects (0ms)
			CreateAndSetChildDomain (18ms)
		EndReloadAssembly (1198ms)
			LoadAssemblies (86ms)
			RebuildTransferFunctionScriptingTraits (0ms)
			SetupTypeCache (268ms)
			ReleaseScriptCaches (0ms)
			RebuildScriptCaches (44ms)
			SetupLoadedEditorAssemblies (669ms)
				LogAssemblyErrors (0ms)
				InitializePlatformSupportModulesInManaged (3ms)
				SetLoadedEditorAssemblies (1ms)
				RefreshPlugins (36ms)
				BeforeProcessingInitializeOnLoad (116ms)
				ProcessInitializeOnLoadAttributes (485ms)
				ProcessInitializeOnLoadMethodAttributes (18ms)
				AfterProcessingInitializeOnLoad (10ms)
				EditorAssembliesLoaded (0ms)
			ExecutionOrderSort2 (0ms)
			AwakeInstancesAfterBackupRestoration (12ms)
Platform modules already initialized, skipping
========================================================================
Worker process is ready to serve import requests
Launched and connected shader compiler UnityShaderCompiler.exe after 0.27 seconds
Refreshing native plugins compatible for Editor in 0.73 ms, found 2 plugins.
Preloading 0 native plugins for Editor in 0.00 ms.
Unloading 2198 Unused Serialized files (Serialized files now loaded: 0)
System memory in use before: 110.2 MB.
System memory in use after: 110.3 MB.

Unloading 20 unused Assets to reduce memory usage. Loaded Objects now: 2656.
Total: 6.207600 ms (FindLiveObjects: 0.301000 ms CreateObjectMapping: 0.163000 ms MarkObjects: 5.650600 ms  DeleteObjects: 0.091300 ms)

AssetImportParameters requested are different than current active one (requested -> active):
  custom:framework-win-MediaFoundation: 216162199b28c13a410421893ffa2e32 -> 
  custom:video-decoder-ogg-theora: a1e56fd34408186e4bbccfd4996cb3dc -> 
  custom:container-muxer-webm: aa71ff27fc2769a1b78a27578f13a17b -> 
  custom:container-demuxer-webm: 4f35f7cbe854078d1ac9338744f61a02 -> 
  custom:container-demuxer-ogg: 62fdf1f143b41e24485cea50d1cbac27 -> 
  custom:video-encoder-webm-vp8: eb34c28f22e8b96e1ab97ce403110664 -> 
  custom:video-codec-MediaFoundation-h265: e54d7ab0439102e2317fc1e4b246158d -> 
  custom:video-decoder-webm-vp8: 9c59270c3fd7afecdb556c50c9e8de78 -> 
  custom:audio-decoder-ogg-vorbis: bf7c407c2cedff20999df2af8eb42d56 -> 
  custom:audio-encoder-webm-vorbis: bf7c407c2cedff20999df2af8eb42d56 -> 
========================================================================
Received Import Request.
  path: Assets/Scripts/Game/Game_Manager.cs
  artifactKey: Guid(509e6a66dfd4b714da2a4439bfabc3d3) Importer(815301076,1909f56bfc062723c751e8b465ee728b)
Start importing Assets/Scripts/Game/Game_Manager.cs using Guid(509e6a66dfd4b714da2a4439bfabc3d3) Importer(815301076,1909f56bfc062723c751e8b465ee728b)  -> (artifact id: 'e0ac5bb216c6e02c5e50cd5483131640') in 0.653676 seconds 
========================================================================
Received Prepare
Registering precompiled user dll's ...
Registered in 0.002930 seconds.
Begin MonoManager ReloadAssembly
Native extension for WindowsStandalone target not found
Refreshing native plugins compatible for Editor in 0.73 ms, found 2 plugins.
Preloading 0 native plugins for Editor in 0.00 ms.
Mono: successfully reloaded assembly
- Completed reload, in  1.502 seconds
Domain Reload Profiling:
	ReloadAssembly (1503ms)
		BeginReloadAssembly (127ms)
			ExecutionOrderSort (0ms)
			DisableScriptedObjects (5ms)
			BackupInstance (0ms)
			ReleaseScriptingObjects (0ms)
			CreateAndSetChildDomain (43ms)
		EndReloadAssembly (1321ms)
			LoadAssemblies (93ms)
			RebuildTransferFunctionScriptingTraits (0ms)
			SetupTypeCache (286ms)
			ReleaseScriptCaches (1ms)
			RebuildScriptCaches (39ms)
			SetupLoadedEditorAssemblies (619ms)
				LogAssemblyErrors (0ms)
				InitializePlatformSupportModulesInManaged (7ms)
				SetLoadedEditorAssemblies (1ms)
				RefreshPlugins (1ms)
				BeforeProcessingInitializeOnLoad (105ms)
				ProcessInitializeOnLoadAttributes (479ms)
				ProcessInitializeOnLoadMethodAttributes (17ms)
				AfterProcessingInitializeOnLoad (10ms)
				EditorAssembliesLoaded (0ms)
			ExecutionOrderSort2 (0ms)
			AwakeInstancesAfterBackupRestoration (14ms)
Platform modules already initialized, skipping
Switching build target platform(19) subTarget(0) extendedPlatform(0) -> platform(13) subTarget(589824) extendedPlatform(0)
Refreshing native plugins compatible for Editor in 0.85 ms, found 2 plugins.
Preloading 0 native plugins for Editor in 0.00 ms.
Unloading 2191 Unused Serialized files (Serialized files now loaded: 0)
System memory in use before: 109.8 MB.
System memory in use after: 109.9 MB.

Unloading 14 unused Assets to reduce memory usage. Loaded Objects now: 2660.
Total: 5.685600 ms (FindLiveObjects: 0.256000 ms CreateObjectMapping: 0.146800 ms MarkObjects: 5.215500 ms  DeleteObjects: 0.065900 ms)

AssetImportParameters requested are different than current active one (requested -> active):
  custom:framework-win-MediaFoundation: 216162199b28c13a410421893ffa2e32 -> 
  custom:video-decoder-ogg-theora: a1e56fd34408186e4bbccfd4996cb3dc -> 
  custom:container-muxer-webm: aa71ff27fc2769a1b78a27578f13a17b -> 
  custom:container-demuxer-webm: 4f35f7cbe854078d1ac9338744f61a02 -> 
  custom:container-demuxer-ogg: 62fdf1f143b41e24485cea50d1cbac27 -> 
  custom:video-encoder-webm-vp8: eb34c28f22e8b96e1ab97ce403110664 -> 
  custom:video-codec-MediaFoundation-h265: e54d7ab0439102e2317fc1e4b246158d -> 
  custom:video-decoder-webm-vp8: 9c59270c3fd7afecdb556c50c9e8de78 -> 
  custom:graphics/normal-map-encoding: 01000000000000000000000000000000 -> 02000000000000000000000000000000
  custom:audio-decoder-ogg-vorbis: bf7c407c2cedff20999df2af8eb42d56 -> 
  custom:audio-encoder-webm-vorbis: bf7c407c2cedff20999df2af8eb42d56 -> 
========================================================================
Received Import Request.
  Time since last request: 1060.080173 seconds.
  path: Assets/Scripts/Game/Game_Manager.cs
  artifactKey: Guid(509e6a66dfd4b714da2a4439bfabc3d3) Importer(815301076,1909f56bfc062723c751e8b465ee728b)
Start importing Assets/Scripts/Game/Game_Manager.cs using Guid(509e6a66dfd4b714da2a4439bfabc3d3) Importer(815301076,1909f56bfc062723c751e8b465ee728b)  -> (artifact id: 'ef9ad6feee159cb8be98ea0a381655a0') in 0.008146 seconds 
========================================================================
Received Import Request.
  Time since last request: 428.291048 seconds.
  path: Assets/New Terrain.asset
  artifactKey: Guid(b1bb6cd01d0e4794398ce154c94e0e09) Importer(815301076,1909f56bfc062723c751e8b465ee728b)
Start importing Assets/New Terrain.asset using Guid(b1bb6cd01d0e4794398ce154c94e0e09) Importer(815301076,1909f56bfc062723c751e8b465ee728b)  -> (artifact id: 'd6d1fcb8d6dd61bda9c260701ee76f0c') in 0.423181 seconds 
========================================================================
Received Import Request.
  Time since last request: 28.452375 seconds.
  path: Assets/Scenes/Main_Menu.unity
  artifactKey: Guid(5001d5502b78ac5428bde74e46c715c9) Importer(815301076,1909f56bfc062723c751e8b465ee728b)
Start importing Assets/Scenes/Main_Menu.unity using Guid(5001d5502b78ac5428bde74e46c715c9) Importer(815301076,1909f56bfc062723c751e8b465ee728b)  -> (artifact id: 'd8f67726fbea2b657d14ec9c91f12cd7') in 0.007422 seconds 
========================================================================
Received Prepare
Registering precompiled user dll's ...
Registered in 0.003537 seconds.
Begin MonoManager ReloadAssembly
Native extension for WindowsStandalone target not found
Refreshing native plugins compatible for Editor in 0.76 ms, found 2 plugins.
Preloading 0 native plugins for Editor in 0.00 ms.
Mono: successfully reloaded assembly
- Completed reload, in  1.819 seconds
Domain Reload Profiling:
	ReloadAssembly (1820ms)
		BeginReloadAssembly (118ms)
			ExecutionOrderSort (0ms)
			DisableScriptedObjects (4ms)
			BackupInstance (0ms)
			ReleaseScriptingObjects (0ms)
			CreateAndSetChildDomain (39ms)
		EndReloadAssembly (1637ms)
			LoadAssemblies (91ms)
			RebuildTransferFunctionScriptingTraits (0ms)
			SetupTypeCache (563ms)
			ReleaseScriptCaches (1ms)
			RebuildScriptCaches (77ms)
			SetupLoadedEditorAssemblies (630ms)
				LogAssemblyErrors (0ms)
				InitializePlatformSupportModulesInManaged (7ms)
				SetLoadedEditorAssemblies (1ms)
				RefreshPlugins (1ms)
				BeforeProcessingInitializeOnLoad (104ms)
				ProcessInitializeOnLoadAttributes (490ms)
				ProcessInitializeOnLoadMethodAttributes (18ms)
				AfterProcessingInitializeOnLoad (10ms)
				EditorAssembliesLoaded (0ms)
			ExecutionOrderSort2 (0ms)
			AwakeInstancesAfterBackupRestoration (13ms)
Platform modules already initialized, skipping
Switching build target platform(19) subTarget(0) extendedPlatform(0) -> platform(13) subTarget(589824) extendedPlatform(0)
Refreshing native plugins compatible for Editor in 0.74 ms, found 2 plugins.
Preloading 0 native plugins for Editor in 0.00 ms.
Unloading 2191 Unused Serialized files (Serialized files now loaded: 0)
System memory in use before: 109.8 MB.
System memory in use after: 110.0 MB.

Unloading 14 unused Assets to reduce memory usage. Loaded Objects now: 2664.
Total: 5.778000 ms (FindLiveObjects: 0.264000 ms CreateObjectMapping: 0.151700 ms MarkObjects: 5.294800 ms  DeleteObjects: 0.066100 ms)

AssetImportParameters requested are different than current active one (requested -> active):
  custom:framework-win-MediaFoundation: 216162199b28c13a410421893ffa2e32 -> 
  custom:video-decoder-ogg-theora: a1e56fd34408186e4bbccfd4996cb3dc -> 
  custom:container-muxer-webm: aa71ff27fc2769a1b78a27578f13a17b -> 
  custom:container-demuxer-webm: 4f35f7cbe854078d1ac9338744f61a02 -> 
  custom:container-demuxer-ogg: 62fdf1f143b41e24485cea50d1cbac27 -> 
  custom:video-encoder-webm-vp8: eb34c28f22e8b96e1ab97ce403110664 -> 
  custom:video-codec-MediaFoundation-h265: e54d7ab0439102e2317fc1e4b246158d -> 
  custom:video-decoder-webm-vp8: 9c59270c3fd7afecdb556c50c9e8de78 -> 
  custom:graphics/normal-map-encoding: 01000000000000000000000000000000 -> 02000000000000000000000000000000
  custom:audio-decoder-ogg-vorbis: bf7c407c2cedff20999df2af8eb42d56 -> 
  custom:audio-encoder-webm-vorbis: bf7c407c2cedff20999df2af8eb42d56 -> 
========================================================================
Received Import Request.
  Time since last request: 931.050472 seconds.
  path: Assets/Scenes/Free_Drone.unity
  artifactKey: Guid(9fc0d4010bbf28b4594072e72b8655ab) Importer(815301076,1909f56bfc062723c751e8b465ee728b)
Start importing Assets/Scenes/Free_Drone.unity using Guid(9fc0d4010bbf28b4594072e72b8655ab) Importer(815301076,1909f56bfc062723c751e8b465ee728b)  -> (artifact id: '6748ead3d883c68f4909c68107129867') in 0.014001 seconds 
========================================================================
Received Import Request.
  Time since last request: 20.150688 seconds.
  path: Assets/Scenes/Train.unity
  artifactKey: Guid(9fc0d4010bbf28b4594072e72b8655ab) Importer(815301076,1909f56bfc062723c751e8b465ee728b)
Start importing Assets/Scenes/Train.unity using Guid(9fc0d4010bbf28b4594072e72b8655ab) Importer(815301076,1909f56bfc062723c751e8b465ee728b)  -> (artifact id: 'a2e135d976d95532a0148944b57bac06') in 0.006392 seconds 
========================================================================
Received Import Request.
  Time since last request: 7.327989 seconds.
  path: Assets/Scenes/Main_Menu.unity
  artifactKey: Guid(5001d5502b78ac5428bde74e46c715c9) Importer(815301076,1909f56bfc062723c751e8b465ee728b)
Start importing Assets/Scenes/Main_Menu.unity using Guid(5001d5502b78ac5428bde74e46c715c9) Importer(815301076,1909f56bfc062723c751e8b465ee728b)  -> (artifact id: '1632014b8e9ba7ac59f590652fef1f61') in 0.002669 seconds 
========================================================================
Received Import Request.
  Time since last request: 61.082192 seconds.
  path: Assets/Scripts/AR/PlaceOnPlane.cs
  artifactKey: Guid(7d77d915a1fefca48bf2d6445960d4a6) Importer(815301076,1909f56bfc062723c751e8b465ee728b)
Start importing Assets/Scripts/AR/PlaceOnPlane.cs using Guid(7d77d915a1fefca48bf2d6445960d4a6) Importer(815301076,1909f56bfc062723c751e8b465ee728b)  -> (artifact id: '4d31b959d1ff0a738b764b42dfd422ef') in 0.007036 seconds 
========================================================================
Received Prepare
Registering precompiled user dll's ...
Registered in 0.005516 seconds.
Begin MonoManager ReloadAssembly
Native extension for WindowsStandalone target not found
Refreshing native plugins compatible for Editor in 0.43 ms, found 2 plugins.
Preloading 0 native plugins for Editor in 0.00 ms.
Mono: successfully reloaded assembly
- Completed reload, in  1.533 seconds
Domain Reload Profiling:
	ReloadAssembly (1534ms)
		BeginReloadAssembly (212ms)
			ExecutionOrderSort (0ms)
			DisableScriptedObjects (9ms)
			BackupInstance (0ms)
			ReleaseScriptingObjects (0ms)
			CreateAndSetChildDomain (61ms)
		EndReloadAssembly (1192ms)
			LoadAssemblies (189ms)
			RebuildTransferFunctionScriptingTraits (0ms)
			SetupTypeCache (608ms)
			ReleaseScriptCaches (1ms)
			RebuildScriptCaches (37ms)
			SetupLoadedEditorAssemblies (287ms)
				LogAssemblyErrors (0ms)
				InitializePlatformSupportModulesInManaged (3ms)
				SetLoadedEditorAssemblies (1ms)
				RefreshPlugins (1ms)
				BeforeProcessingInitializeOnLoad (48ms)
				ProcessInitializeOnLoadAttributes (222ms)
				ProcessInitializeOnLoadMethodAttributes (8ms)
				AfterProcessingInitializeOnLoad (4ms)
				EditorAssembliesLoaded (0ms)
			ExecutionOrderSort2 (0ms)
			AwakeInstancesAfterBackupRestoration (6ms)
Platform modules already initialized, skipping
Switching build target platform(19) subTarget(0) extendedPlatform(0) -> platform(13) subTarget(589824) extendedPlatform(0)
Refreshing native plugins compatible for Editor in 0.45 ms, found 2 plugins.
Preloading 0 native plugins for Editor in 0.00 ms.
Unloading 2191 Unused Serialized files (Serialized files now loaded: 0)
System memory in use before: 110.0 MB.
System memory in use after: 110.1 MB.

Unloading 14 unused Assets to reduce memory usage. Loaded Objects now: 2668.
Total: 3.027800 ms (FindLiveObjects: 0.169600 ms CreateObjectMapping: 0.066200 ms MarkObjects: 2.755300 ms  DeleteObjects: 0.035900 ms)

AssetImportParameters requested are different than current active one (requested -> active):
  custom:framework-win-MediaFoundation: 216162199b28c13a410421893ffa2e32 -> 
  custom:video-decoder-ogg-theora: a1e56fd34408186e4bbccfd4996cb3dc -> 
  custom:container-muxer-webm: aa71ff27fc2769a1b78a27578f13a17b -> 
  custom:container-demuxer-webm: 4f35f7cbe854078d1ac9338744f61a02 -> 
  custom:container-demuxer-ogg: 62fdf1f143b41e24485cea50d1cbac27 -> 
  custom:video-encoder-webm-vp8: eb34c28f22e8b96e1ab97ce403110664 -> 
  custom:video-codec-MediaFoundation-h265: e54d7ab0439102e2317fc1e4b246158d -> 
  custom:video-decoder-webm-vp8: 9c59270c3fd7afecdb556c50c9e8de78 -> 
  custom:graphics/normal-map-encoding: 01000000000000000000000000000000 -> 02000000000000000000000000000000
  custom:audio-decoder-ogg-vorbis: bf7c407c2cedff20999df2af8eb42d56 -> 
  custom:audio-encoder-webm-vorbis: bf7c407c2cedff20999df2af8eb42d56 -> 
========================================================================
Received Import Request.
  Time since last request: 63.382479 seconds.
  path: Assets/Scripts/AR/PlaceOnPlane.cs
  artifactKey: Guid(7d77d915a1fefca48bf2d6445960d4a6) Importer(815301076,1909f56bfc062723c751e8b465ee728b)
Start importing Assets/Scripts/AR/PlaceOnPlane.cs using Guid(7d77d915a1fefca48bf2d6445960d4a6) Importer(815301076,1909f56bfc062723c751e8b465ee728b)  -> (artifact id: 'ef02ea749b1fb48207a646a57c91954f') in 0.004789 seconds 
========================================================================
Received Prepare
Refreshing native plugins compatible for Editor in 4.38 ms, found 2 plugins.
Preloading 0 native plugins for Editor in 0.00 ms.
Unloading 11 Unused Serialized files (Serialized files now loaded: 0)
System memory in use before: 66.6 MB.
System memory in use after: 66.7 MB.

Unloading 10 unused Assets to reduce memory usage. Loaded Objects now: 2669.
Total: 6.601300 ms (FindLiveObjects: 0.338200 ms CreateObjectMapping: 0.145600 ms MarkObjects: 6.081600 ms  DeleteObjects: 0.034900 ms)

AssetImportParameters requested are different than current active one (requested -> active):
  custom:framework-win-MediaFoundation: 216162199b28c13a410421893ffa2e32 -> 
  custom:video-decoder-ogg-theora: a1e56fd34408186e4bbccfd4996cb3dc -> 
  custom:container-muxer-webm: aa71ff27fc2769a1b78a27578f13a17b -> 
  custom:container-demuxer-webm: 4f35f7cbe854078d1ac9338744f61a02 -> 
  custom:container-demuxer-ogg: 62fdf1f143b41e24485cea50d1cbac27 -> 
  custom:video-encoder-webm-vp8: eb34c28f22e8b96e1ab97ce403110664 -> 
  custom:video-codec-MediaFoundation-h265: e54d7ab0439102e2317fc1e4b246158d -> 
  custom:video-decoder-webm-vp8: 9c59270c3fd7afecdb556c50c9e8de78 -> 
  custom:audio-decoder-ogg-vorbis: bf7c407c2cedff20999df2af8eb42d56 -> 
  custom:audio-encoder-webm-vorbis: bf7c407c2cedff20999df2af8eb42d56 -> 
========================================================================
Received Prepare
Registering precompiled user dll's ...
Registered in 0.007823 seconds.
Begin MonoManager ReloadAssembly
Native extension for WindowsStandalone target not found
Refreshing native plugins compatible for Editor in 0.45 ms, found 2 plugins.
Preloading 0 native plugins for Editor in 0.00 ms.
Mono: successfully reloaded assembly
- Completed reload, in  1.774 seconds
Domain Reload Profiling:
	ReloadAssembly (1775ms)
		BeginReloadAssembly (245ms)
			ExecutionOrderSort (0ms)
			DisableScriptedObjects (4ms)
			BackupInstance (0ms)
			ReleaseScriptingObjects (0ms)
			CreateAndSetChildDomain (34ms)
		EndReloadAssembly (1474ms)
			LoadAssemblies (184ms)
			RebuildTransferFunctionScriptingTraits (0ms)
			SetupTypeCache (258ms)
			ReleaseScriptCaches (1ms)
			RebuildScriptCaches (36ms)
			SetupLoadedEditorAssemblies (467ms)
				LogAssemblyErrors (0ms)
				InitializePlatformSupportModulesInManaged (10ms)
				SetLoadedEditorAssemblies (1ms)
				RefreshPlugins (1ms)
				BeforeProcessingInitializeOnLoad (216ms)
				ProcessInitializeOnLoadAttributes (226ms)
				ProcessInitializeOnLoadMethodAttributes (8ms)
				AfterProcessingInitializeOnLoad (4ms)
				EditorAssembliesLoaded (0ms)
			ExecutionOrderSort2 (0ms)
			AwakeInstancesAfterBackupRestoration (6ms)
Platform modules already initialized, skipping
Switching build target platform(19) subTarget(0) extendedPlatform(0) -> platform(13) subTarget(589824) extendedPlatform(0)
Refreshing native plugins compatible for Editor in 0.56 ms, found 2 plugins.
Preloading 0 native plugins for Editor in 0.00 ms.
Unloading 2190 Unused Serialized files (Serialized files now loaded: 0)
System memory in use before: 109.7 MB.
System memory in use after: 109.9 MB.

Unloading 13 unused Assets to reduce memory usage. Loaded Objects now: 2673.
Total: 3.137700 ms (FindLiveObjects: 0.180100 ms CreateObjectMapping: 0.065700 ms MarkObjects: 2.869800 ms  DeleteObjects: 0.021000 ms)

AssetImportParameters requested are different than current active one (requested -> active):
  custom:framework-win-MediaFoundation: 216162199b28c13a410421893ffa2e32 -> 
  custom:video-decoder-ogg-theora: a1e56fd34408186e4bbccfd4996cb3dc -> 
  custom:container-muxer-webm: aa71ff27fc2769a1b78a27578f13a17b -> 
  custom:container-demuxer-webm: 4f35f7cbe854078d1ac9338744f61a02 -> 
  custom:container-demuxer-ogg: 62fdf1f143b41e24485cea50d1cbac27 -> 
  custom:video-encoder-webm-vp8: eb34c28f22e8b96e1ab97ce403110664 -> 
  custom:video-codec-MediaFoundation-h265: e54d7ab0439102e2317fc1e4b246158d -> 
  custom:video-decoder-webm-vp8: 9c59270c3fd7afecdb556c50c9e8de78 -> 
  custom:graphics/normal-map-encoding: 01000000000000000000000000000000 -> 02000000000000000000000000000000
  custom:audio-decoder-ogg-vorbis: bf7c407c2cedff20999df2af8eb42d56 -> 
  custom:audio-encoder-webm-vorbis: bf7c407c2cedff20999df2af8eb42d56 -> 
========================================================================
Received Prepare
Refreshing native plugins compatible for Editor in 5.79 ms, found 2 plugins.
Preloading 0 native plugins for Editor in 0.00 ms.
Unloading 10 Unused Serialized files (Serialized files now loaded: 0)
System memory in use before: 66.4 MB.
System memory in use after: 66.5 MB.

Unloading 10 unused Assets to reduce memory usage. Loaded Objects now: 2673.
Total: 6.953400 ms (FindLiveObjects: 0.280800 ms CreateObjectMapping: 0.151000 ms MarkObjects: 6.488000 ms  DeleteObjects: 0.032300 ms)

AssetImportParameters requested are different than current active one (requested -> active):
  custom:framework-win-MediaFoundation: 216162199b28c13a410421893ffa2e32 -> 
  custom:video-decoder-ogg-theora: a1e56fd34408186e4bbccfd4996cb3dc -> 
  custom:container-muxer-webm: aa71ff27fc2769a1b78a27578f13a17b -> 
  custom:container-demuxer-webm: 4f35f7cbe854078d1ac9338744f61a02 -> 
  custom:container-demuxer-ogg: 62fdf1f143b41e24485cea50d1cbac27 -> 
  custom:video-encoder-webm-vp8: eb34c28f22e8b96e1ab97ce403110664 -> 
  custom:video-codec-MediaFoundation-h265: e54d7ab0439102e2317fc1e4b246158d -> 
  custom:video-decoder-webm-vp8: 9c59270c3fd7afecdb556c50c9e8de78 -> 
  custom:audio-decoder-ogg-vorbis: bf7c407c2cedff20999df2af8eb42d56 -> 
  custom:audio-encoder-webm-vorbis: bf7c407c2cedff20999df2af8eb42d56 -> 
========================================================================
Received Prepare
Registering precompiled user dll's ...
Registered in 0.002566 seconds.
Begin MonoManager ReloadAssembly
Native extension for WindowsStandalone target not found
Refreshing native plugins compatible for Editor in 0.75 ms, found 2 plugins.
Preloading 0 native plugins for Editor in 0.00 ms.
Mono: successfully reloaded assembly
- Completed reload, in  3.177 seconds
Domain Reload Profiling:
	ReloadAssembly (3178ms)
		BeginReloadAssembly (409ms)
			ExecutionOrderSort (0ms)
			DisableScriptedObjects (5ms)
			BackupInstance (0ms)
			ReleaseScriptingObjects (0ms)
			CreateAndSetChildDomain (120ms)
		EndReloadAssembly (2714ms)
			LoadAssemblies (233ms)
			RebuildTransferFunctionScriptingTraits (0ms)
			SetupTypeCache (266ms)
			ReleaseScriptCaches (1ms)
			RebuildScriptCaches (38ms)
			SetupLoadedEditorAssemblies (828ms)
				LogAssemblyErrors (0ms)
				InitializePlatformSupportModulesInManaged (7ms)
				SetLoadedEditorAssemblies (1ms)
				RefreshPlugins (1ms)
				BeforeProcessingInitializeOnLoad (124ms)
				ProcessInitializeOnLoadAttributes (668ms)
				ProcessInitializeOnLoadMethodAttributes (17ms)
				AfterProcessingInitializeOnLoad (10ms)
				EditorAssembliesLoaded (0ms)
			ExecutionOrderSort2 (0ms)
			AwakeInstancesAfterBackupRestoration (111ms)
Platform modules already initialized, skipping
Switching build target platform(19) subTarget(0) extendedPlatform(0) -> platform(13) subTarget(589824) extendedPlatform(0)
Refreshing native plugins compatible for Editor in 1.24 ms, found 2 plugins.
Preloading 0 native plugins for Editor in 0.00 ms.
Unloading 2190 Unused Serialized files (Serialized files now loaded: 0)
System memory in use before: 109.8 MB.
System memory in use after: 109.9 MB.

Unloading 13 unused Assets to reduce memory usage. Loaded Objects now: 2677.
Total: 144.180800 ms (FindLiveObjects: 0.287100 ms CreateObjectMapping: 0.136300 ms MarkObjects: 143.648800 ms  DeleteObjects: 0.105700 ms)

AssetImportParameters requested are different than current active one (requested -> active):
  custom:framework-win-MediaFoundation: 216162199b28c13a410421893ffa2e32 -> 
  custom:video-decoder-ogg-theora: a1e56fd34408186e4bbccfd4996cb3dc -> 
  custom:container-muxer-webm: aa71ff27fc2769a1b78a27578f13a17b -> 
  custom:container-demuxer-webm: 4f35f7cbe854078d1ac9338744f61a02 -> 
  custom:container-demuxer-ogg: 62fdf1f143b41e24485cea50d1cbac27 -> 
  custom:video-encoder-webm-vp8: eb34c28f22e8b96e1ab97ce403110664 -> 
  custom:video-codec-MediaFoundation-h265: e54d7ab0439102e2317fc1e4b246158d -> 
  custom:video-decoder-webm-vp8: 9c59270c3fd7afecdb556c50c9e8de78 -> 
  custom:graphics/normal-map-encoding: 01000000000000000000000000000000 -> 02000000000000000000000000000000
  custom:audio-decoder-ogg-vorbis: bf7c407c2cedff20999df2af8eb42d56 -> 
  custom:audio-encoder-webm-vorbis: bf7c407c2cedff20999df2af8eb42d56 -> 
========================================================================
Received Prepare
Refreshing native plugins compatible for Editor in 42.87 ms, found 2 plugins.
Preloading 0 native plugins for Editor in 0.00 ms.
Unloading 10 Unused Serialized files (Serialized files now loaded: 0)
System memory in use before: 66.4 MB.
System memory in use after: 66.5 MB.

Unloading 10 unused Assets to reduce memory usage. Loaded Objects now: 2677.
Total: 9.771000 ms (FindLiveObjects: 0.389100 ms CreateObjectMapping: 0.200300 ms MarkObjects: 9.128300 ms  DeleteObjects: 0.050100 ms)

AssetImportParameters requested are different than current active one (requested -> active):
  custom:framework-win-MediaFoundation: 216162199b28c13a410421893ffa2e32 -> 
  custom:video-decoder-ogg-theora: a1e56fd34408186e4bbccfd4996cb3dc -> 
  custom:container-muxer-webm: aa71ff27fc2769a1b78a27578f13a17b -> 
  custom:container-demuxer-webm: 4f35f7cbe854078d1ac9338744f61a02 -> 
  custom:container-demuxer-ogg: 62fdf1f143b41e24485cea50d1cbac27 -> 
  custom:video-encoder-webm-vp8: eb34c28f22e8b96e1ab97ce403110664 -> 
  custom:video-codec-MediaFoundation-h265: e54d7ab0439102e2317fc1e4b246158d -> 
  custom:video-decoder-webm-vp8: 9c59270c3fd7afecdb556c50c9e8de78 -> 
  custom:audio-decoder-ogg-vorbis: bf7c407c2cedff20999df2af8eb42d56 -> 
  custom:audio-encoder-webm-vorbis: bf7c407c2cedff20999df2af8eb42d56 -> 
========================================================================
Received Prepare
Registering precompiled user dll's ...
Registered in 0.007804 seconds.
Begin MonoManager ReloadAssembly
Native extension for WindowsStandalone target not found
Refreshing native plugins compatible for Editor in 0.74 ms, found 2 plugins.
Preloading 0 native plugins for Editor in 0.00 ms.
Mono: successfully reloaded assembly
- Completed reload, in  2.186 seconds
Domain Reload Profiling:
	ReloadAssembly (2187ms)
		BeginReloadAssembly (304ms)
			ExecutionOrderSort (0ms)
			DisableScriptedObjects (10ms)
			BackupInstance (0ms)
			ReleaseScriptingObjects (0ms)
			CreateAndSetChildDomain (148ms)
		EndReloadAssembly (1756ms)
			LoadAssemblies (193ms)
			RebuildTransferFunctionScriptingTraits (0ms)
			SetupTypeCache (541ms)
			ReleaseScriptCaches (1ms)
			RebuildScriptCaches (77ms)
			SetupLoadedEditorAssemblies (678ms)
				LogAssemblyErrors (0ms)
				InitializePlatformSupportModulesInManaged (7ms)
				SetLoadedEditorAssemblies (1ms)
				RefreshPlugins (1ms)
				BeforeProcessingInitializeOnLoad (121ms)
				ProcessInitializeOnLoadAttributes (520ms)
				ProcessInitializeOnLoadMethodAttributes (18ms)
				AfterProcessingInitializeOnLoad (10ms)
				EditorAssembliesLoaded (0ms)
			ExecutionOrderSort2 (0ms)
			AwakeInstancesAfterBackupRestoration (13ms)
Platform modules already initialized, skipping
Switching build target platform(19) subTarget(0) extendedPlatform(0) -> platform(13) subTarget(589824) extendedPlatform(0)
Refreshing native plugins compatible for Editor in 0.73 ms, found 2 plugins.
Preloading 0 native plugins for Editor in 0.00 ms.
Unloading 2190 Unused Serialized files (Serialized files now loaded: 0)
System memory in use before: 109.8 MB.
System memory in use after: 109.9 MB.

Unloading 13 unused Assets to reduce memory usage. Loaded Objects now: 2681.
Total: 15.212800 ms (FindLiveObjects: 0.277200 ms CreateObjectMapping: 0.149200 ms MarkObjects: 5.253900 ms  DeleteObjects: 9.530900 ms)

AssetImportParameters requested are different than current active one (requested -> active):
  custom:framework-win-MediaFoundation: 216162199b28c13a410421893ffa2e32 -> 
  custom:video-decoder-ogg-theora: a1e56fd34408186e4bbccfd4996cb3dc -> 
  custom:container-muxer-webm: aa71ff27fc2769a1b78a27578f13a17b -> 
  custom:container-demuxer-webm: 4f35f7cbe854078d1ac9338744f61a02 -> 
  custom:container-demuxer-ogg: 62fdf1f143b41e24485cea50d1cbac27 -> 
  custom:video-encoder-webm-vp8: eb34c28f22e8b96e1ab97ce403110664 -> 
  custom:video-codec-MediaFoundation-h265: e54d7ab0439102e2317fc1e4b246158d -> 
  custom:video-decoder-webm-vp8: 9c59270c3fd7afecdb556c50c9e8de78 -> 
  custom:graphics/normal-map-encoding: 01000000000000000000000000000000 -> 02000000000000000000000000000000
  custom:audio-decoder-ogg-vorbis: bf7c407c2cedff20999df2af8eb42d56 -> 
  custom:audio-encoder-webm-vorbis: bf7c407c2cedff20999df2af8eb42d56 -> 
========================================================================
Received Prepare
Refreshing native plugins compatible for Editor in 10.67 ms, found 2 plugins.
Preloading 0 native plugins for Editor in 0.00 ms.
Unloading 10 Unused Serialized files (Serialized files now loaded: 0)
System memory in use before: 66.4 MB.
System memory in use after: 66.5 MB.

Unloading 10 unused Assets to reduce memory usage. Loaded Objects now: 2681.
Total: 6.060600 ms (FindLiveObjects: 0.275000 ms CreateObjectMapping: 0.167400 ms MarkObjects: 5.583600 ms  DeleteObjects: 0.033000 ms)

AssetImportParameters requested are different than current active one (requested -> active):
  custom:framework-win-MediaFoundation: 216162199b28c13a410421893ffa2e32 -> 
  custom:video-decoder-ogg-theora: a1e56fd34408186e4bbccfd4996cb3dc -> 
  custom:container-muxer-webm: aa71ff27fc2769a1b78a27578f13a17b -> 
  custom:container-demuxer-webm: 4f35f7cbe854078d1ac9338744f61a02 -> 
  custom:container-demuxer-ogg: 62fdf1f143b41e24485cea50d1cbac27 -> 
  custom:video-encoder-webm-vp8: eb34c28f22e8b96e1ab97ce403110664 -> 
  custom:video-codec-MediaFoundation-h265: e54d7ab0439102e2317fc1e4b246158d -> 
  custom:video-decoder-webm-vp8: 9c59270c3fd7afecdb556c50c9e8de78 -> 
  custom:audio-decoder-ogg-vorbis: bf7c407c2cedff20999df2af8eb42d56 -> 
  custom:audio-encoder-webm-vorbis: bf7c407c2cedff20999df2af8eb42d56 -> 
========================================================================
Received Prepare
Registering precompiled user dll's ...
Registered in 0.005581 seconds.
Begin MonoManager ReloadAssembly
Native extension for WindowsStandalone target not found
Refreshing native plugins compatible for Editor in 0.74 ms, found 2 plugins.
Preloading 0 native plugins for Editor in 0.00 ms.
Mono: successfully reloaded assembly
- Completed reload, in  2.498 seconds
Domain Reload Profiling:
	ReloadAssembly (2499ms)
		BeginReloadAssembly (302ms)
			ExecutionOrderSort (0ms)
			DisableScriptedObjects (10ms)
			BackupInstance (0ms)
			ReleaseScriptingObjects (0ms)
			CreateAndSetChildDomain (108ms)
		EndReloadAssembly (2071ms)
			LoadAssemblies (231ms)
			RebuildTransferFunctionScriptingTraits (0ms)
			SetupTypeCache (570ms)
			ReleaseScriptCaches (1ms)
			RebuildScriptCaches (77ms)
			SetupLoadedEditorAssemblies (966ms)
				LogAssemblyErrors (0ms)
				InitializePlatformSupportModulesInManaged (6ms)
				SetLoadedEditorAssemblies (1ms)
				RefreshPlugins (1ms)
				BeforeProcessingInitializeOnLoad (102ms)
				ProcessInitializeOnLoadAttributes (828ms)
				ProcessInitializeOnLoadMethodAttributes (17ms)
				AfterProcessingInitializeOnLoad (10ms)
				EditorAssembliesLoaded (0ms)
			ExecutionOrderSort2 (0ms)
			AwakeInstancesAfterBackupRestoration (13ms)
Platform modules already initialized, skipping
Switching build target platform(19) subTarget(0) extendedPlatform(0) -> platform(13) subTarget(589824) extendedPlatform(0)
Refreshing native plugins compatible for Editor in 0.79 ms, found 2 plugins.
Preloading 0 native plugins for Editor in 0.00 ms.
Unloading 2190 Unused Serialized files (Serialized files now loaded: 0)
System memory in use before: 109.7 MB.
System memory in use after: 109.8 MB.

Unloading 13 unused Assets to reduce memory usage. Loaded Objects now: 2685.
Total: 5.610800 ms (FindLiveObjects: 0.280100 ms CreateObjectMapping: 0.150500 ms MarkObjects: 5.138800 ms  DeleteObjects: 0.039600 ms)

AssetImportParameters requested are different than current active one (requested -> active):
  custom:framework-win-MediaFoundation: 216162199b28c13a410421893ffa2e32 -> 
  custom:video-decoder-ogg-theora: a1e56fd34408186e4bbccfd4996cb3dc -> 
  custom:container-muxer-webm: aa71ff27fc2769a1b78a27578f13a17b -> 
  custom:container-demuxer-webm: 4f35f7cbe854078d1ac9338744f61a02 -> 
  custom:container-demuxer-ogg: 62fdf1f143b41e24485cea50d1cbac27 -> 
  custom:video-encoder-webm-vp8: eb34c28f22e8b96e1ab97ce403110664 -> 
  custom:video-codec-MediaFoundation-h265: e54d7ab0439102e2317fc1e4b246158d -> 
  custom:video-decoder-webm-vp8: 9c59270c3fd7afecdb556c50c9e8de78 -> 
  custom:graphics/normal-map-encoding: 01000000000000000000000000000000 -> 02000000000000000000000000000000
  custom:audio-decoder-ogg-vorbis: bf7c407c2cedff20999df2af8eb42d56 -> 
  custom:audio-encoder-webm-vorbis: bf7c407c2cedff20999df2af8eb42d56 -> 
========================================================================
Received Import Request.
  Time since last request: 2246.387614 seconds.
  path: Assets/Scenes/Train.unity
  artifactKey: Guid(9fc0d4010bbf28b4594072e72b8655ab) Importer(815301076,1909f56bfc062723c751e8b465ee728b)
Start importing Assets/Scenes/Train.unity using Guid(9fc0d4010bbf28b4594072e72b8655ab) Importer(815301076,1909f56bfc062723c751e8b465ee728b)  -> (artifact id: '804b4fd93368813132514dec7a4323e9') in 0.009322 seconds 
========================================================================
Received Prepare
Refreshing native plugins compatible for Editor in 5.32 ms, found 2 plugins.
Preloading 0 native plugins for Editor in 0.00 ms.
Unloading 10 Unused Serialized files (Serialized files now loaded: 0)
System memory in use before: 66.3 MB.
System memory in use after: 66.4 MB.

Unloading 10 unused Assets to reduce memory usage. Loaded Objects now: 2685.
Total: 6.470600 ms (FindLiveObjects: 0.267500 ms CreateObjectMapping: 0.147400 ms MarkObjects: 6.021600 ms  DeleteObjects: 0.032400 ms)

AssetImportParameters requested are different than current active one (requested -> active):
  custom:framework-win-MediaFoundation: 216162199b28c13a410421893ffa2e32 -> 
  custom:video-decoder-ogg-theora: a1e56fd34408186e4bbccfd4996cb3dc -> 
  custom:container-muxer-webm: aa71ff27fc2769a1b78a27578f13a17b -> 
  custom:container-demuxer-webm: 4f35f7cbe854078d1ac9338744f61a02 -> 
  custom:container-demuxer-ogg: 62fdf1f143b41e24485cea50d1cbac27 -> 
  custom:video-encoder-webm-vp8: eb34c28f22e8b96e1ab97ce403110664 -> 
  custom:video-codec-MediaFoundation-h265: e54d7ab0439102e2317fc1e4b246158d -> 
  custom:video-decoder-webm-vp8: 9c59270c3fd7afecdb556c50c9e8de78 -> 
  custom:audio-decoder-ogg-vorbis: bf7c407c2cedff20999df2af8eb42d56 -> 
  custom:audio-encoder-webm-vorbis: bf7c407c2cedff20999df2af8eb42d56 -> 
========================================================================
Received Import Request.
  Time since last request: 987.153595 seconds.
  path: Assets/Scripts/Game/Variables.cs
  artifactKey: Guid(972f00ec2392108498bb826440b9d105) Importer(815301076,1909f56bfc062723c751e8b465ee728b)
Start importing Assets/Scripts/Game/Variables.cs using Guid(972f00ec2392108498bb826440b9d105) Importer(815301076,1909f56bfc062723c751e8b465ee728b)  -> (artifact id: '109fb6d46a1f88abc5369f1114e4dd14') in 0.197796 seconds 
========================================================================
Received Prepare
Registering precompiled user dll's ...
Registered in 0.005471 seconds.
Begin MonoManager ReloadAssembly
Native extension for WindowsStandalone target not found
Refreshing native plugins compatible for Editor in 0.83 ms, found 2 plugins.
Preloading 0 native plugins for Editor in 0.00 ms.
Mono: successfully reloaded assembly
- Completed reload, in  3.408 seconds
Domain Reload Profiling:
	ReloadAssembly (3409ms)
		BeginReloadAssembly (281ms)
			ExecutionOrderSort (0ms)
			DisableScriptedObjects (10ms)
			BackupInstance (0ms)
			ReleaseScriptingObjects (0ms)
			CreateAndSetChildDomain (67ms)
		EndReloadAssembly (2982ms)
			LoadAssemblies (220ms)
			RebuildTransferFunctionScriptingTraits (0ms)
			SetupTypeCache (576ms)
			ReleaseScriptCaches (1ms)
			RebuildScriptCaches (89ms)
			SetupLoadedEditorAssemblies (636ms)
				LogAssemblyErrors (0ms)
				InitializePlatformSupportModulesInManaged (7ms)
				SetLoadedEditorAssemblies (1ms)
				RefreshPlugins (1ms)
				BeforeProcessingInitializeOnLoad (109ms)
				ProcessInitializeOnLoadAttributes (491ms)
				ProcessInitializeOnLoadMethodAttributes (17ms)
				AfterProcessingInitializeOnLoad (10ms)
				EditorAssembliesLoaded (0ms)
			ExecutionOrderSort2 (0ms)
			AwakeInstancesAfterBackupRestoration (13ms)
Platform modules already initialized, skipping
Switching build target platform(19) subTarget(0) extendedPlatform(0) -> platform(13) subTarget(589824) extendedPlatform(0)
Refreshing native plugins compatible for Editor in 0.75 ms, found 2 plugins.
Preloading 0 native plugins for Editor in 0.00 ms.
Unloading 2191 Unused Serialized files (Serialized files now loaded: 0)
System memory in use before: 109.8 MB.
System memory in use after: 109.9 MB.

Unloading 13 unused Assets to reduce memory usage. Loaded Objects now: 2690.
Total: 13.269100 ms (FindLiveObjects: 0.665000 ms CreateObjectMapping: 0.328500 ms MarkObjects: 12.185900 ms  DeleteObjects: 0.086000 ms)

AssetImportParameters requested are different than current active one (requested -> active):
  custom:framework-win-MediaFoundation: 216162199b28c13a410421893ffa2e32 -> 
  custom:video-decoder-ogg-theora: a1e56fd34408186e4bbccfd4996cb3dc -> 
  custom:container-muxer-webm: aa71ff27fc2769a1b78a27578f13a17b -> 
  custom:container-demuxer-webm: 4f35f7cbe854078d1ac9338744f61a02 -> 
  custom:container-demuxer-ogg: 62fdf1f143b41e24485cea50d1cbac27 -> 
  custom:video-encoder-webm-vp8: eb34c28f22e8b96e1ab97ce403110664 -> 
  custom:video-codec-MediaFoundation-h265: e54d7ab0439102e2317fc1e4b246158d -> 
  custom:video-decoder-webm-vp8: 9c59270c3fd7afecdb556c50c9e8de78 -> 
  custom:graphics/normal-map-encoding: 01000000000000000000000000000000 -> 02000000000000000000000000000000
  custom:audio-decoder-ogg-vorbis: bf7c407c2cedff20999df2af8eb42d56 -> 
  custom:audio-encoder-webm-vorbis: bf7c407c2cedff20999df2af8eb42d56 -> 
========================================================================
Received Import Request.
  Time since last request: 243.105450 seconds.
  path: Assets/Scripts/Game/Variables.cs
  artifactKey: Guid(972f00ec2392108498bb826440b9d105) Importer(815301076,1909f56bfc062723c751e8b465ee728b)
Start importing Assets/Scripts/Game/Variables.cs using Guid(972f00ec2392108498bb826440b9d105) Importer(815301076,1909f56bfc062723c751e8b465ee728b)  -> (artifact id: 'cec8f60c956323d15bf7af3161c4ad0b') in 0.012783 seconds 
========================================================================
Received Import Request.
  Time since last request: 110.809524 seconds.
  path: Assets/Scripts/Game/Variables.cs
  artifactKey: Guid(972f00ec2392108498bb826440b9d105) Importer(815301076,1909f56bfc062723c751e8b465ee728b)
Start importing Assets/Scripts/Game/Variables.cs using Guid(972f00ec2392108498bb826440b9d105) Importer(815301076,1909f56bfc062723c751e8b465ee728b)  -> (artifact id: 'c1e5a12ea373b942745469129d8acdff') in 0.004593 seconds 
========================================================================
Received Import Request.
  Time since last request: 405.914093 seconds.
  path: Assets/Scripts/Game/Variables.cs
  artifactKey: Guid(972f00ec2392108498bb826440b9d105) Importer(815301076,1909f56bfc062723c751e8b465ee728b)
Start importing Assets/Scripts/Game/Variables.cs using Guid(972f00ec2392108498bb826440b9d105) Importer(815301076,1909f56bfc062723c751e8b465ee728b)  -> (artifact id: '4098030913031f409ca11cec72ddfccb') in 0.015124 seconds 
========================================================================
Received Prepare
Registering precompiled user dll's ...
Registered in 0.005432 seconds.
Begin MonoManager ReloadAssembly
Native extension for WindowsStandalone target not found
Refreshing native plugins compatible for Editor in 0.76 ms, found 2 plugins.
Preloading 0 native plugins for Editor in 0.00 ms.
Mono: successfully reloaded assembly
- Completed reload, in  2.133 seconds
Domain Reload Profiling:
	ReloadAssembly (2134ms)
		BeginReloadAssembly (241ms)
			ExecutionOrderSort (0ms)
			DisableScriptedObjects (14ms)
			BackupInstance (0ms)
			ReleaseScriptingObjects (0ms)
			CreateAndSetChildDomain (90ms)
		EndReloadAssembly (1757ms)
			LoadAssemblies (193ms)
			RebuildTransferFunctionScriptingTraits (0ms)
			SetupTypeCache (569ms)
			ReleaseScriptCaches (1ms)
			RebuildScriptCaches (79ms)
			SetupLoadedEditorAssemblies (618ms)
				LogAssemblyErrors (0ms)
				InitializePlatformSupportModulesInManaged (7ms)
				SetLoadedEditorAssemblies (1ms)
				RefreshPlugins (1ms)
				BeforeProcessingInitializeOnLoad (102ms)
				ProcessInitializeOnLoadAttributes (479ms)
				ProcessInitializeOnLoadMethodAttributes (17ms)
				AfterProcessingInitializeOnLoad (10ms)
				EditorAssembliesLoaded (0ms)
			ExecutionOrderSort2 (0ms)
			AwakeInstancesAfterBackupRestoration (13ms)
Platform modules already initialized, skipping
Switching build target platform(19) subTarget(0) extendedPlatform(0) -> platform(13) subTarget(589824) extendedPlatform(0)
Refreshing native plugins compatible for Editor in 0.75 ms, found 2 plugins.
Preloading 0 native plugins for Editor in 0.00 ms.
Unloading 2191 Unused Serialized files (Serialized files now loaded: 0)
System memory in use before: 109.8 MB.
System memory in use after: 109.9 MB.

Unloading 13 unused Assets to reduce memory usage. Loaded Objects now: 2694.
Total: 5.756900 ms (FindLiveObjects: 0.261800 ms CreateObjectMapping: 0.155000 ms MarkObjects: 5.300100 ms  DeleteObjects: 0.038700 ms)

AssetImportParameters requested are different than current active one (requested -> active):
  custom:framework-win-MediaFoundation: 216162199b28c13a410421893ffa2e32 -> 
  custom:video-decoder-ogg-theora: a1e56fd34408186e4bbccfd4996cb3dc -> 
  custom:container-muxer-webm: aa71ff27fc2769a1b78a27578f13a17b -> 
  custom:container-demuxer-webm: 4f35f7cbe854078d1ac9338744f61a02 -> 
  custom:container-demuxer-ogg: 62fdf1f143b41e24485cea50d1cbac27 -> 
  custom:video-encoder-webm-vp8: eb34c28f22e8b96e1ab97ce403110664 -> 
  custom:video-codec-MediaFoundation-h265: e54d7ab0439102e2317fc1e4b246158d -> 
  custom:video-decoder-webm-vp8: 9c59270c3fd7afecdb556c50c9e8de78 -> 
  custom:graphics/normal-map-encoding: 01000000000000000000000000000000 -> 02000000000000000000000000000000
  custom:audio-decoder-ogg-vorbis: bf7c407c2cedff20999df2af8eb42d56 -> 
  custom:audio-encoder-webm-vorbis: bf7c407c2cedff20999df2af8eb42d56 -> 
========================================================================
Received Import Request.
  Time since last request: 212.190776 seconds.
  path: Assets/Scripts/Game/Variables.cs
  artifactKey: Guid(972f00ec2392108498bb826440b9d105) Importer(815301076,1909f56bfc062723c751e8b465ee728b)
Start importing Assets/Scripts/Game/Variables.cs using Guid(972f00ec2392108498bb826440b9d105) Importer(815301076,1909f56bfc062723c751e8b465ee728b)  -> (artifact id: '811996ca8fdb4e76008e3dbd6f592f5e') in 0.038452 seconds 
========================================================================
Received Prepare
Registering precompiled user dll's ...
Registered in 0.006664 seconds.
Begin MonoManager ReloadAssembly
Native extension for WindowsStandalone target not found
Refreshing native plugins compatible for Editor in 0.98 ms, found 2 plugins.
Preloading 0 native plugins for Editor in 0.00 ms.
Mono: successfully reloaded assembly
- Completed reload, in  2.408 seconds
Domain Reload Profiling:
	ReloadAssembly (2409ms)
		BeginReloadAssembly (419ms)
			ExecutionOrderSort (0ms)
			DisableScriptedObjects (9ms)
			BackupInstance (0ms)
			ReleaseScriptingObjects (0ms)
			CreateAndSetChildDomain (55ms)
		EndReloadAssembly (1812ms)
			LoadAssemblies (289ms)
			RebuildTransferFunctionScriptingTraits (0ms)
			SetupTypeCache (545ms)
			ReleaseScriptCaches (1ms)
			RebuildScriptCaches (75ms)
			SetupLoadedEditorAssemblies (657ms)
				LogAssemblyErrors (0ms)
				InitializePlatformSupportModulesInManaged (6ms)
				SetLoadedEditorAssemblies (1ms)
				RefreshPlugins (1ms)
				BeforeProcessingInitializeOnLoad (145ms)
				ProcessInitializeOnLoadAttributes (477ms)
				ProcessInitializeOnLoadMethodAttributes (17ms)
				AfterProcessingInitializeOnLoad (10ms)
				EditorAssembliesLoaded (0ms)
			ExecutionOrderSort2 (0ms)
			AwakeInstancesAfterBackupRestoration (13ms)
Platform modules already initialized, skipping
Switching build target platform(19) subTarget(0) extendedPlatform(0) -> platform(13) subTarget(589824) extendedPlatform(0)
Refreshing native plugins compatible for Editor in 0.75 ms, found 2 plugins.
Preloading 0 native plugins for Editor in 0.00 ms.
Unloading 2191 Unused Serialized files (Serialized files now loaded: 0)
System memory in use before: 109.8 MB.
System memory in use after: 110.0 MB.

Unloading 13 unused Assets to reduce memory usage. Loaded Objects now: 2698.
Total: 5.841100 ms (FindLiveObjects: 0.274600 ms CreateObjectMapping: 0.135700 ms MarkObjects: 5.387600 ms  DeleteObjects: 0.041500 ms)

AssetImportParameters requested are different than current active one (requested -> active):
  custom:framework-win-MediaFoundation: 216162199b28c13a410421893ffa2e32 -> 
  custom:video-decoder-ogg-theora: a1e56fd34408186e4bbccfd4996cb3dc -> 
  custom:container-muxer-webm: aa71ff27fc2769a1b78a27578f13a17b -> 
  custom:container-demuxer-webm: 4f35f7cbe854078d1ac9338744f61a02 -> 
  custom:container-demuxer-ogg: 62fdf1f143b41e24485cea50d1cbac27 -> 
  custom:video-encoder-webm-vp8: eb34c28f22e8b96e1ab97ce403110664 -> 
  custom:video-codec-MediaFoundation-h265: e54d7ab0439102e2317fc1e4b246158d -> 
  custom:video-decoder-webm-vp8: 9c59270c3fd7afecdb556c50c9e8de78 -> 
  custom:graphics/normal-map-encoding: 01000000000000000000000000000000 -> 02000000000000000000000000000000
  custom:audio-decoder-ogg-vorbis: bf7c407c2cedff20999df2af8eb42d56 -> 
  custom:audio-encoder-webm-vorbis: bf7c407c2cedff20999df2af8eb42d56 -> 
========================================================================
Received Import Request.
  Time since last request: 55.839416 seconds.
  path: Assets/Scripts/Game/Variables.cs
  artifactKey: Guid(972f00ec2392108498bb826440b9d105) Importer(815301076,1909f56bfc062723c751e8b465ee728b)
Start importing Assets/Scripts/Game/Variables.cs using Guid(972f00ec2392108498bb826440b9d105) Importer(815301076,1909f56bfc062723c751e8b465ee728b)  -> (artifact id: 'd6a48a63dab01165def96ed8b66bb9af') in 0.011532 seconds 
========================================================================
Received Prepare
Registering precompiled user dll's ...
Registered in 0.007743 seconds.
Begin MonoManager ReloadAssembly
Native extension for WindowsStandalone target not found
Refreshing native plugins compatible for Editor in 0.75 ms, found 2 plugins.
Preloading 0 native plugins for Editor in 0.00 ms.
Mono: successfully reloaded assembly
- Completed reload, in  2.256 seconds
Domain Reload Profiling:
	ReloadAssembly (2257ms)
		BeginReloadAssembly (265ms)
			ExecutionOrderSort (0ms)
			DisableScriptedObjects (9ms)
			BackupInstance (0ms)
			ReleaseScriptingObjects (0ms)
			CreateAndSetChildDomain (111ms)
		EndReloadAssembly (1859ms)
			LoadAssemblies (189ms)
			RebuildTransferFunctionScriptingTraits (0ms)
			SetupTypeCache (616ms)
			ReleaseScriptCaches (1ms)
			RebuildScriptCaches (79ms)
			SetupLoadedEditorAssemblies (641ms)
				LogAssemblyErrors (0ms)
				InitializePlatformSupportModulesInManaged (7ms)
				SetLoadedEditorAssemblies (1ms)
				RefreshPlugins (1ms)
				BeforeProcessingInitializeOnLoad (104ms)
				ProcessInitializeOnLoadAttributes (501ms)
				ProcessInitializeOnLoadMethodAttributes (17ms)
				AfterProcessingInitializeOnLoad (10ms)
				EditorAssembliesLoaded (0ms)
			ExecutionOrderSort2 (0ms)
			AwakeInstancesAfterBackupRestoration (13ms)
Platform modules already initialized, skipping
Switching build target platform(19) subTarget(0) extendedPlatform(0) -> platform(13) subTarget(589824) extendedPlatform(0)
Refreshing native plugins compatible for Editor in 0.73 ms, found 2 plugins.
Preloading 0 native plugins for Editor in 0.00 ms.
Unloading 2191 Unused Serialized files (Serialized files now loaded: 0)
System memory in use before: 109.8 MB.
System memory in use after: 110.0 MB.

Unloading 13 unused Assets to reduce memory usage. Loaded Objects now: 2702.
Total: 6.103200 ms (FindLiveObjects: 0.271200 ms CreateObjectMapping: 0.158100 ms MarkObjects: 5.633700 ms  DeleteObjects: 0.038500 ms)

AssetImportParameters requested are different than current active one (requested -> active):
  custom:framework-win-MediaFoundation: 216162199b28c13a410421893ffa2e32 -> 
  custom:video-decoder-ogg-theora: a1e56fd34408186e4bbccfd4996cb3dc -> 
  custom:container-muxer-webm: aa71ff27fc2769a1b78a27578f13a17b -> 
  custom:container-demuxer-webm: 4f35f7cbe854078d1ac9338744f61a02 -> 
  custom:container-demuxer-ogg: 62fdf1f143b41e24485cea50d1cbac27 -> 
  custom:video-encoder-webm-vp8: eb34c28f22e8b96e1ab97ce403110664 -> 
  custom:video-codec-MediaFoundation-h265: e54d7ab0439102e2317fc1e4b246158d -> 
  custom:video-decoder-webm-vp8: 9c59270c3fd7afecdb556c50c9e8de78 -> 
  custom:graphics/normal-map-encoding: 01000000000000000000000000000000 -> 02000000000000000000000000000000
  custom:audio-decoder-ogg-vorbis: bf7c407c2cedff20999df2af8eb42d56 -> 
  custom:audio-encoder-webm-vorbis: bf7c407c2cedff20999df2af8eb42d56 -> 
========================================================================
Received Prepare
Registering precompiled user dll's ...
Registered in 0.007703 seconds.
Begin MonoManager ReloadAssembly
Native extension for WindowsStandalone target not found
Refreshing native plugins compatible for Editor in 0.73 ms, found 2 plugins.
Preloading 0 native plugins for Editor in 0.00 ms.
Mono: successfully reloaded assembly
- Completed reload, in  2.260 seconds
Domain Reload Profiling:
	ReloadAssembly (2260ms)
		BeginReloadAssembly (199ms)
			ExecutionOrderSort (0ms)
			DisableScriptedObjects (9ms)
			BackupInstance (0ms)
			ReleaseScriptingObjects (0ms)
			CreateAndSetChildDomain (56ms)
		EndReloadAssembly (1923ms)
			LoadAssemblies (179ms)
			RebuildTransferFunctionScriptingTraits (0ms)
			SetupTypeCache (597ms)
			ReleaseScriptCaches (1ms)
			RebuildScriptCaches (76ms)
			SetupLoadedEditorAssemblies (733ms)
				LogAssemblyErrors (0ms)
				InitializePlatformSupportModulesInManaged (6ms)
				SetLoadedEditorAssemblies (1ms)
				RefreshPlugins (1ms)
				BeforeProcessingInitializeOnLoad (218ms)
				ProcessInitializeOnLoadAttributes (479ms)
				ProcessInitializeOnLoadMethodAttributes (18ms)
				AfterProcessingInitializeOnLoad (10ms)
				EditorAssembliesLoaded (0ms)
			ExecutionOrderSort2 (0ms)
			AwakeInstancesAfterBackupRestoration (13ms)
Platform modules already initialized, skipping
Switching build target platform(19) subTarget(0) extendedPlatform(0) -> platform(13) subTarget(589824) extendedPlatform(0)
Refreshing native plugins compatible for Editor in 0.78 ms, found 2 plugins.
Preloading 0 native plugins for Editor in 0.00 ms.
Unloading 2191 Unused Serialized files (Serialized files now loaded: 0)
System memory in use before: 109.8 MB.
System memory in use after: 109.9 MB.

Unloading 14 unused Assets to reduce memory usage. Loaded Objects now: 2705.
Total: 5.748700 ms (FindLiveObjects: 0.289400 ms CreateObjectMapping: 0.137200 ms MarkObjects: 5.252300 ms  DeleteObjects: 0.068400 ms)

AssetImportParameters requested are different than current active one (requested -> active):
  custom:framework-win-MediaFoundation: 216162199b28c13a410421893ffa2e32 -> 
  custom:video-decoder-ogg-theora: a1e56fd34408186e4bbccfd4996cb3dc -> 
  custom:container-muxer-webm: aa71ff27fc2769a1b78a27578f13a17b -> 
  custom:container-demuxer-webm: 4f35f7cbe854078d1ac9338744f61a02 -> 
  custom:container-demuxer-ogg: 62fdf1f143b41e24485cea50d1cbac27 -> 
  custom:video-encoder-webm-vp8: eb34c28f22e8b96e1ab97ce403110664 -> 
  custom:video-codec-MediaFoundation-h265: e54d7ab0439102e2317fc1e4b246158d -> 
  custom:video-decoder-webm-vp8: 9c59270c3fd7afecdb556c50c9e8de78 -> 
  custom:graphics/normal-map-encoding: 01000000000000000000000000000000 -> 02000000000000000000000000000000
  custom:audio-decoder-ogg-vorbis: bf7c407c2cedff20999df2af8eb42d56 -> 
  custom:audio-encoder-webm-vorbis: bf7c407c2cedff20999df2af8eb42d56 -> 
========================================================================
Received Import Request.
  Time since last request: 480.569854 seconds.
  path: Assets/Scenes/Main_Menu.unity
  artifactKey: Guid(5001d5502b78ac5428bde74e46c715c9) Importer(815301076,1909f56bfc062723c751e8b465ee728b)
Start importing Assets/Scenes/Main_Menu.unity using Guid(5001d5502b78ac5428bde74e46c715c9) Importer(815301076,1909f56bfc062723c751e8b465ee728b)  -> (artifact id: '83d26b342a0fbee8c11ab4c28852ab02') in 0.112508 seconds 
========================================================================
Received Prepare
Refreshing native plugins compatible for Editor in 19.03 ms, found 2 plugins.
Preloading 0 native plugins for Editor in 0.00 ms.
Unloading 11 Unused Serialized files (Serialized files now loaded: 0)
System memory in use before: 66.6 MB.
System memory in use after: 66.7 MB.

Unloading 10 unused Assets to reduce memory usage. Loaded Objects now: 2706.
Total: 14.285800 ms (FindLiveObjects: 0.609800 ms CreateObjectMapping: 0.385200 ms MarkObjects: 13.205800 ms  DeleteObjects: 0.080300 ms)

AssetImportParameters requested are different than current active one (requested -> active):
  custom:framework-win-MediaFoundation: 216162199b28c13a410421893ffa2e32 -> 
  custom:video-decoder-ogg-theora: a1e56fd34408186e4bbccfd4996cb3dc -> 
  custom:container-muxer-webm: aa71ff27fc2769a1b78a27578f13a17b -> 
  custom:container-demuxer-webm: 4f35f7cbe854078d1ac9338744f61a02 -> 
  custom:container-demuxer-ogg: 62fdf1f143b41e24485cea50d1cbac27 -> 
  custom:video-encoder-webm-vp8: eb34c28f22e8b96e1ab97ce403110664 -> 
  custom:video-codec-MediaFoundation-h265: e54d7ab0439102e2317fc1e4b246158d -> 
  custom:video-decoder-webm-vp8: 9c59270c3fd7afecdb556c50c9e8de78 -> 
  custom:audio-decoder-ogg-vorbis: bf7c407c2cedff20999df2af8eb42d56 -> 
  custom:audio-encoder-webm-vorbis: bf7c407c2cedff20999df2af8eb42d56 -> 
========================================================================
Received Prepare
Registering precompiled user dll's ...
Registered in 0.005512 seconds.
Begin MonoManager ReloadAssembly
Native extension for WindowsStandalone target not found
Refreshing native plugins compatible for Editor in 0.74 ms, found 2 plugins.
Preloading 0 native plugins for Editor in 0.00 ms.
Mono: successfully reloaded assembly
- Completed reload, in  2.827 seconds
Domain Reload Profiling:
	ReloadAssembly (2828ms)
		BeginReloadAssembly (240ms)
			ExecutionOrderSort (0ms)
			DisableScriptedObjects (9ms)
			BackupInstance (0ms)
			ReleaseScriptingObjects (0ms)
			CreateAndSetChildDomain (59ms)
		EndReloadAssembly (2456ms)
			LoadAssemblies (222ms)
			RebuildTransferFunctionScriptingTraits (0ms)
			SetupTypeCache (1025ms)
			ReleaseScriptCaches (1ms)
			RebuildScriptCaches (78ms)
			SetupLoadedEditorAssemblies (812ms)
				LogAssemblyErrors (0ms)
				InitializePlatformSupportModulesInManaged (6ms)
				SetLoadedEditorAssemblies (1ms)
				RefreshPlugins (1ms)
				BeforeProcessingInitializeOnLoad (104ms)
				ProcessInitializeOnLoadAttributes (667ms)
				ProcessInitializeOnLoadMethodAttributes (22ms)
				AfterProcessingInitializeOnLoad (10ms)
				EditorAssembliesLoaded (0ms)
			ExecutionOrderSort2 (0ms)
			AwakeInstancesAfterBackupRestoration (14ms)
Platform modules already initialized, skipping
Switching build target platform(19) subTarget(0) extendedPlatform(0) -> platform(13) subTarget(589824) extendedPlatform(0)
Refreshing native plugins compatible for Editor in 0.77 ms, found 2 plugins.
Preloading 0 native plugins for Editor in 0.00 ms.
Unloading 2191 Unused Serialized files (Serialized files now loaded: 0)
System memory in use before: 109.8 MB.
System memory in use after: 109.9 MB.

Unloading 13 unused Assets to reduce memory usage. Loaded Objects now: 2710.
Total: 5.707500 ms (FindLiveObjects: 0.291400 ms CreateObjectMapping: 0.143900 ms MarkObjects: 5.231300 ms  DeleteObjects: 0.039400 ms)

AssetImportParameters requested are different than current active one (requested -> active):
  custom:framework-win-MediaFoundation: 216162199b28c13a410421893ffa2e32 -> 
  custom:video-decoder-ogg-theora: a1e56fd34408186e4bbccfd4996cb3dc -> 
  custom:container-muxer-webm: aa71ff27fc2769a1b78a27578f13a17b -> 
  custom:container-demuxer-webm: 4f35f7cbe854078d1ac9338744f61a02 -> 
  custom:container-demuxer-ogg: 62fdf1f143b41e24485cea50d1cbac27 -> 
  custom:video-encoder-webm-vp8: eb34c28f22e8b96e1ab97ce403110664 -> 
  custom:video-codec-MediaFoundation-h265: e54d7ab0439102e2317fc1e4b246158d -> 
  custom:video-decoder-webm-vp8: 9c59270c3fd7afecdb556c50c9e8de78 -> 
  custom:graphics/normal-map-encoding: 01000000000000000000000000000000 -> 02000000000000000000000000000000
  custom:audio-decoder-ogg-vorbis: bf7c407c2cedff20999df2af8eb42d56 -> 
  custom:audio-encoder-webm-vorbis: bf7c407c2cedff20999df2af8eb42d56 -> 
========================================================================
Received Prepare
Refreshing native plugins compatible for Editor in 10.54 ms, found 2 plugins.
Preloading 0 native plugins for Editor in 0.00 ms.
Unloading 10 Unused Serialized files (Serialized files now loaded: 0)
System memory in use before: 66.4 MB.
System memory in use after: 66.5 MB.

Unloading 10 unused Assets to reduce memory usage. Loaded Objects now: 2710.
Total: 10.324500 ms (FindLiveObjects: 0.466500 ms CreateObjectMapping: 0.293500 ms MarkObjects: 9.500700 ms  DeleteObjects: 0.061100 ms)

AssetImportParameters requested are different than current active one (requested -> active):
  custom:framework-win-MediaFoundation: 216162199b28c13a410421893ffa2e32 -> 
  custom:video-decoder-ogg-theora: a1e56fd34408186e4bbccfd4996cb3dc -> 
  custom:container-muxer-webm: aa71ff27fc2769a1b78a27578f13a17b -> 
  custom:container-demuxer-webm: 4f35f7cbe854078d1ac9338744f61a02 -> 
  custom:container-demuxer-ogg: 62fdf1f143b41e24485cea50d1cbac27 -> 
  custom:video-encoder-webm-vp8: eb34c28f22e8b96e1ab97ce403110664 -> 
  custom:video-codec-MediaFoundation-h265: e54d7ab0439102e2317fc1e4b246158d -> 
  custom:video-decoder-webm-vp8: 9c59270c3fd7afecdb556c50c9e8de78 -> 
  custom:audio-decoder-ogg-vorbis: bf7c407c2cedff20999df2af8eb42d56 -> 
  custom:audio-encoder-webm-vorbis: bf7c407c2cedff20999df2af8eb42d56 -> 
========================================================================
Received Prepare
Registering precompiled user dll's ...
Registered in 0.005433 seconds.
Begin MonoManager ReloadAssembly
Native extension for WindowsStandalone target not found
Refreshing native plugins compatible for Editor in 0.77 ms, found 2 plugins.
Preloading 0 native plugins for Editor in 0.00 ms.
Mono: successfully reloaded assembly
- Completed reload, in  3.823 seconds
Domain Reload Profiling:
	ReloadAssembly (3824ms)
		BeginReloadAssembly (375ms)
			ExecutionOrderSort (0ms)
			DisableScriptedObjects (9ms)
			BackupInstance (0ms)
			ReleaseScriptingObjects (0ms)
			CreateAndSetChildDomain (202ms)
		EndReloadAssembly (3313ms)
			LoadAssemblies (276ms)
			RebuildTransferFunctionScriptingTraits (0ms)
			SetupTypeCache (796ms)
			ReleaseScriptCaches (1ms)
			RebuildScriptCaches (80ms)
			SetupLoadedEditorAssemblies (629ms)
				LogAssemblyErrors (0ms)
				InitializePlatformSupportModulesInManaged (6ms)
				SetLoadedEditorAssemblies (1ms)
				RefreshPlugins (1ms)
				BeforeProcessingInitializeOnLoad (105ms)
				ProcessInitializeOnLoadAttributes (489ms)
				ProcessInitializeOnLoadMethodAttributes (17ms)
				AfterProcessingInitializeOnLoad (10ms)
				EditorAssembliesLoaded (0ms)
			ExecutionOrderSort2 (0ms)
			AwakeInstancesAfterBackupRestoration (14ms)
Platform modules already initialized, skipping
Switching build target platform(19) subTarget(0) extendedPlatform(0) -> platform(13) subTarget(589824) extendedPlatform(0)
Refreshing native plugins compatible for Editor in 1.03 ms, found 2 plugins.
Preloading 0 native plugins for Editor in 0.00 ms.
Unloading 2191 Unused Serialized files (Serialized files now loaded: 0)
System memory in use before: 109.9 MB.
System memory in use after: 110.0 MB.

Unloading 13 unused Assets to reduce memory usage. Loaded Objects now: 2714.
Total: 6.488900 ms (FindLiveObjects: 0.339500 ms CreateObjectMapping: 0.163700 ms MarkObjects: 5.941700 ms  DeleteObjects: 0.041800 ms)

AssetImportParameters requested are different than current active one (requested -> active):
  custom:framework-win-MediaFoundation: 216162199b28c13a410421893ffa2e32 -> 
  custom:video-decoder-ogg-theora: a1e56fd34408186e4bbccfd4996cb3dc -> 
  custom:container-muxer-webm: aa71ff27fc2769a1b78a27578f13a17b -> 
  custom:container-demuxer-webm: 4f35f7cbe854078d1ac9338744f61a02 -> 
  custom:container-demuxer-ogg: 62fdf1f143b41e24485cea50d1cbac27 -> 
  custom:video-encoder-webm-vp8: eb34c28f22e8b96e1ab97ce403110664 -> 
  custom:video-codec-MediaFoundation-h265: e54d7ab0439102e2317fc1e4b246158d -> 
  custom:video-decoder-webm-vp8: 9c59270c3fd7afecdb556c50c9e8de78 -> 
  custom:graphics/normal-map-encoding: 01000000000000000000000000000000 -> 02000000000000000000000000000000
  custom:audio-decoder-ogg-vorbis: bf7c407c2cedff20999df2af8eb42d56 -> 
  custom:audio-encoder-webm-vorbis: bf7c407c2cedff20999df2af8eb42d56 -> 
========================================================================
Received Prepare
Refreshing native plugins compatible for Editor in 5.24 ms, found 2 plugins.
Preloading 0 native plugins for Editor in 0.00 ms.
Unloading 10 Unused Serialized files (Serialized files now loaded: 0)
System memory in use before: 66.5 MB.
System memory in use after: 66.6 MB.

Unloading 10 unused Assets to reduce memory usage. Loaded Objects now: 2714.
Total: 6.716900 ms (FindLiveObjects: 0.293200 ms CreateObjectMapping: 0.147800 ms MarkObjects: 6.243600 ms  DeleteObjects: 0.030700 ms)

AssetImportParameters requested are different than current active one (requested -> active):
  custom:framework-win-MediaFoundation: 216162199b28c13a410421893ffa2e32 -> 
  custom:video-decoder-ogg-theora: a1e56fd34408186e4bbccfd4996cb3dc -> 
  custom:container-muxer-webm: aa71ff27fc2769a1b78a27578f13a17b -> 
  custom:container-demuxer-webm: 4f35f7cbe854078d1ac9338744f61a02 -> 
  custom:container-demuxer-ogg: 62fdf1f143b41e24485cea50d1cbac27 -> 
  custom:video-encoder-webm-vp8: eb34c28f22e8b96e1ab97ce403110664 -> 
  custom:video-codec-MediaFoundation-h265: e54d7ab0439102e2317fc1e4b246158d -> 
  custom:video-decoder-webm-vp8: 9c59270c3fd7afecdb556c50c9e8de78 -> 
  custom:audio-decoder-ogg-vorbis: bf7c407c2cedff20999df2af8eb42d56 -> 
  custom:audio-encoder-webm-vorbis: bf7c407c2cedff20999df2af8eb42d56 -> 
========================================================================
Received Prepare
Registering precompiled user dll's ...
Registered in 0.007272 seconds.
Begin MonoManager ReloadAssembly
Native extension for WindowsStandalone target not found
Refreshing native plugins compatible for Editor in 0.73 ms, found 2 plugins.
Preloading 0 native plugins for Editor in 0.00 ms.
Mono: successfully reloaded assembly
- Completed reload, in  2.228 seconds
Domain Reload Profiling:
	ReloadAssembly (2229ms)
		BeginReloadAssembly (273ms)
			ExecutionOrderSort (0ms)
			DisableScriptedObjects (14ms)
			BackupInstance (0ms)
			ReleaseScriptingObjects (0ms)
			CreateAndSetChildDomain (117ms)
		EndReloadAssembly (1828ms)
			LoadAssemblies (185ms)
			RebuildTransferFunctionScriptingTraits (0ms)
			SetupTypeCache (557ms)
			ReleaseScriptCaches (1ms)
			RebuildScriptCaches (75ms)
			SetupLoadedEditorAssemblies (646ms)
				LogAssemblyErrors (0ms)
				InitializePlatformSupportModulesInManaged (7ms)
				SetLoadedEditorAssemblies (1ms)
				RefreshPlugins (1ms)
				BeforeProcessingInitializeOnLoad (102ms)
				ProcessInitializeOnLoadAttributes (507ms)
				ProcessInitializeOnLoadMethodAttributes (18ms)
				AfterProcessingInitializeOnLoad (10ms)
				EditorAssembliesLoaded (0ms)
			ExecutionOrderSort2 (0ms)
			AwakeInstancesAfterBackupRestoration (13ms)
Platform modules already initialized, skipping
Switching build target platform(19) subTarget(0) extendedPlatform(0) -> platform(13) subTarget(589824) extendedPlatform(0)
Refreshing native plugins compatible for Editor in 0.75 ms, found 2 plugins.
Preloading 0 native plugins for Editor in 0.00 ms.
Unloading 2191 Unused Serialized files (Serialized files now loaded: 0)
System memory in use before: 109.9 MB.
System memory in use after: 110.0 MB.

Unloading 13 unused Assets to reduce memory usage. Loaded Objects now: 2718.
Total: 5.687300 ms (FindLiveObjects: 0.310500 ms CreateObjectMapping: 0.152500 ms MarkObjects: 5.184100 ms  DeleteObjects: 0.038900 ms)

AssetImportParameters requested are different than current active one (requested -> active):
  custom:framework-win-MediaFoundation: 216162199b28c13a410421893ffa2e32 -> 
  custom:video-decoder-ogg-theora: a1e56fd34408186e4bbccfd4996cb3dc -> 
  custom:container-muxer-webm: aa71ff27fc2769a1b78a27578f13a17b -> 
  custom:container-demuxer-webm: 4f35f7cbe854078d1ac9338744f61a02 -> 
  custom:container-demuxer-ogg: 62fdf1f143b41e24485cea50d1cbac27 -> 
  custom:video-encoder-webm-vp8: eb34c28f22e8b96e1ab97ce403110664 -> 
  custom:video-codec-MediaFoundation-h265: e54d7ab0439102e2317fc1e4b246158d -> 
  custom:video-decoder-webm-vp8: 9c59270c3fd7afecdb556c50c9e8de78 -> 
  custom:graphics/normal-map-encoding: 01000000000000000000000000000000 -> 02000000000000000000000000000000
  custom:audio-decoder-ogg-vorbis: bf7c407c2cedff20999df2af8eb42d56 -> 
  custom:audio-encoder-webm-vorbis: bf7c407c2cedff20999df2af8eb42d56 -> 
========================================================================
Received Prepare
Refreshing native plugins compatible for Editor in 8.55 ms, found 2 plugins.
Preloading 0 native plugins for Editor in 0.00 ms.
Unloading 10 Unused Serialized files (Serialized files now loaded: 0)
System memory in use before: 66.5 MB.
System memory in use after: 66.6 MB.

Unloading 10 unused Assets to reduce memory usage. Loaded Objects now: 2718.
Total: 10.652300 ms (FindLiveObjects: 0.424800 ms CreateObjectMapping: 0.237900 ms MarkObjects: 9.934000 ms  DeleteObjects: 0.052400 ms)

AssetImportParameters requested are different than current active one (requested -> active):
  custom:framework-win-MediaFoundation: 216162199b28c13a410421893ffa2e32 -> 
  custom:video-decoder-ogg-theora: a1e56fd34408186e4bbccfd4996cb3dc -> 
  custom:container-muxer-webm: aa71ff27fc2769a1b78a27578f13a17b -> 
  custom:container-demuxer-webm: 4f35f7cbe854078d1ac9338744f61a02 -> 
  custom:container-demuxer-ogg: 62fdf1f143b41e24485cea50d1cbac27 -> 
  custom:video-encoder-webm-vp8: eb34c28f22e8b96e1ab97ce403110664 -> 
  custom:video-codec-MediaFoundation-h265: e54d7ab0439102e2317fc1e4b246158d -> 
  custom:video-decoder-webm-vp8: 9c59270c3fd7afecdb556c50c9e8de78 -> 
  custom:audio-decoder-ogg-vorbis: bf7c407c2cedff20999df2af8eb42d56 -> 
  custom:audio-encoder-webm-vorbis: bf7c407c2cedff20999df2af8eb42d56 -> 
========================================================================
Received Import Request.
  Time since last request: 5373.669440 seconds.
  path: Assets/VIsual Object/Sprites/asset-10_2.png
  artifactKey: Guid(b9c92ec9ce1e5ba459ee00603303879c) Importer(815301076,1909f56bfc062723c751e8b465ee728b)
Start importing Assets/VIsual Object/Sprites/asset-10_2.png using Guid(b9c92ec9ce1e5ba459ee00603303879c) Importer(815301076,1909f56bfc062723c751e8b465ee728b)  -> (artifact id: '3d4deb7ba1ae23defdb59b7ea2e5aca2') in 5.774904 seconds 
========================================================================
Received Import Request.
  Time since last request: 0.114444 seconds.
  path: Assets/Scripts/AR/PlaceOnPlane.cs
  artifactKey: Guid(7d77d915a1fefca48bf2d6445960d4a6) Importer(815301076,1909f56bfc062723c751e8b465ee728b)
Start importing Assets/Scripts/AR/PlaceOnPlane.cs using Guid(7d77d915a1fefca48bf2d6445960d4a6) Importer(815301076,1909f56bfc062723c751e8b465ee728b)  -> (artifact id: '375b30efec189be0145eb53c7b48e76c') in 0.080485 seconds 
========================================================================
Received Import Request.
  Time since last request: 0.113355 seconds.
  path: Assets/VIsual Object/Prefab
  artifactKey: Guid(a510a57fee0cae2499df2b97b83b4efa) Importer(815301076,1909f56bfc062723c751e8b465ee728b)
Start importing Assets/VIsual Object/Prefab using Guid(a510a57fee0cae2499df2b97b83b4efa) Importer(815301076,1909f56bfc062723c751e8b465ee728b)  -> (artifact id: '2002b1248874257500aa0327c9a13050') in 0.043670 seconds 
========================================================================
Received Import Request.
  Time since last request: 0.384556 seconds.
  path: Assets/Meshes/Quad Drone/DronePatrol [diffuse].png
  artifactKey: Guid(f2ddc8185678226438ccca8ab3d7b9d9) Importer(815301076,1909f56bfc062723c751e8b465ee728b)
Start importing Assets/Meshes/Quad Drone/DronePatrol [diffuse].png using Guid(f2ddc8185678226438ccca8ab3d7b9d9) Importer(815301076,1909f56bfc062723c751e8b465ee728b)  -> (artifact id: 'e3daa30719908f2edc7a2701e802eb95') in 0.330349 seconds 
========================================================================
Received Import Request.
  Time since last request: 0.080630 seconds.
  path: Assets/VIsual Object/Sprites/asset-7.png
  artifactKey: Guid(d7da86cc10a3df14d9029b7ce41fc47b) Importer(815301076,1909f56bfc062723c751e8b465ee728b)
Start importing Assets/VIsual Object/Sprites/asset-7.png using Guid(d7da86cc10a3df14d9029b7ce41fc47b) Importer(815301076,1909f56bfc062723c751e8b465ee728b)  -> (artifact id: '0733b02c3c2e4d5c764e25f2937f5554') in 0.130932 seconds 
========================================================================
Received Import Request.
  Time since last request: 0.132903 seconds.
  path: Assets/Meshes/Quad Drone/Badge [diffuse].png
  artifactKey: Guid(72f0d18c2e1a343299d30b87d9b9e7e4) Importer(815301076,1909f56bfc062723c751e8b465ee728b)
Start importing Assets/Meshes/Quad Drone/Badge [diffuse].png using Guid(72f0d18c2e1a343299d30b87d9b9e7e4) Importer(815301076,1909f56bfc062723c751e8b465ee728b)  -> (artifact id: '43b53efaf1c4be6ddf4408a1f7bc108e') in 0.135612 seconds 
========================================================================
Received Import Request.
  Time since last request: 0.147937 seconds.
  path: Assets/XRI/Settings
  artifactKey: Guid(a6b9da3e8c5a51a46ab79f36ac39a9f3) Importer(815301076,1909f56bfc062723c751e8b465ee728b)
Start importing Assets/XRI/Settings using Guid(a6b9da3e8c5a51a46ab79f36ac39a9f3) Importer(815301076,1909f56bfc062723c751e8b465ee728b)  -> (artifact id: '22940b32903d8a1c31aca07870ca3507') in 0.016123 seconds 
========================================================================
Received Import Request.
  Time since last request: 0.023104 seconds.
  path: Assets/XR
  artifactKey: Guid(3d93d7baad6855f4d848df9e0ac807c8) Importer(815301076,1909f56bfc062723c751e8b465ee728b)
Start importing Assets/XR using Guid(3d93d7baad6855f4d848df9e0ac807c8) Importer(815301076,1909f56bfc062723c751e8b465ee728b)  -> (artifact id: '5ac21bbe10fa898cc57dc11c62acca21') in 0.005729 seconds 
========================================================================
Received Import Request.
  Time since last request: 0.090566 seconds.
  path: Assets/XRI/Settings/Resources
  artifactKey: Guid(96e3ff6a422d1ec4eb4b444bc3bfbcf2) Importer(815301076,1909f56bfc062723c751e8b465ee728b)
Start importing Assets/XRI/Settings/Resources using Guid(96e3ff6a422d1ec4eb4b444bc3bfbcf2) Importer(815301076,1909f56bfc062723c751e8b465ee728b)  -> (artifact id: '47eb90342afa5e777b63b140282732d4') in 0.007294 seconds 
========================================================================
Received Import Request.
  Time since last request: 0.006543 seconds.
  path: Assets/XRI
  artifactKey: Guid(d7f63ae201fc1a14eb74116d9f900350) Importer(815301076,1909f56bfc062723c751e8b465ee728b)
Start importing Assets/XRI using Guid(d7f63ae201fc1a14eb74116d9f900350) Importer(815301076,1909f56bfc062723c751e8b465ee728b)  -> (artifact id: '9543e8d280a247c8f683085f25a75d48') in 0.006396 seconds 
========================================================================
Received Import Request.
  Time since last request: 0.023775 seconds.
  path: Assets/VIsual Object/Sprites
  artifactKey: Guid(998e5de3b11ef69468c8b8989e6f7ddc) Importer(815301076,1909f56bfc062723c751e8b465ee728b)
Start importing Assets/VIsual Object/Sprites using Guid(998e5de3b11ef69468c8b8989e6f7ddc) Importer(815301076,1909f56bfc062723c751e8b465ee728b)  -> (artifact id: 'a8035ac1f70f3f5580e84e412b1bce6e') in 0.018031 seconds 
========================================================================
Received Import Request.
  Time since last request: 0.064033 seconds.
  path: Assets/XRI/Settings/Resources/InteractionLayerSettings.asset
  artifactKey: Guid(867824e7acc3f3643a84ddef0f8b15bd) Importer(815301076,1909f56bfc062723c751e8b465ee728b)
Start importing Assets/XRI/Settings/Resources/InteractionLayerSettings.asset using Guid(867824e7acc3f3643a84ddef0f8b15bd) Importer(815301076,1909f56bfc062723c751e8b465ee728b)  -> (artifact id: 'b0a26d03d63af71a445a075fca57ab18') in 0.053723 seconds 
========================================================================
Received Import Request.
  Time since last request: 0.055834 seconds.
  path: Assets/VIsual Object/Sprites/asset-11.png
  artifactKey: Guid(039564e6db14ea44ca276df54eecad84) Importer(815301076,1909f56bfc062723c751e8b465ee728b)
Start importing Assets/VIsual Object/Sprites/asset-11.png using Guid(039564e6db14ea44ca276df54eecad84) Importer(815301076,1909f56bfc062723c751e8b465ee728b)  -> (artifact id: 'e1b01b56388e5c499358f07fc7c125d2') in 0.145443 seconds 
========================================================================
Received Import Request.
  Time since last request: 0.044867 seconds.
  path: Assets/Scripts/Game/Game_Manager.cs
  artifactKey: Guid(509e6a66dfd4b714da2a4439bfabc3d3) Importer(815301076,1909f56bfc062723c751e8b465ee728b)
Start importing Assets/Scripts/Game/Game_Manager.cs using Guid(509e6a66dfd4b714da2a4439bfabc3d3) Importer(815301076,1909f56bfc062723c751e8b465ee728b)  -> (artifact id: 'a21e0c77baded82982c1e5f5b96d7f8f') in 0.038005 seconds 
========================================================================
Received Import Request.
  Time since last request: 0.057706 seconds.
  path: Assets/Meshes/Quad Drone/DronePatrol [metal].png
  artifactKey: Guid(3cce2c701faf1437aa5b1e1c155b87fc) Importer(815301076,1909f56bfc062723c751e8b465ee728b)
Start importing Assets/Meshes/Quad Drone/DronePatrol [metal].png using Guid(3cce2c701faf1437aa5b1e1c155b87fc) Importer(815301076,1909f56bfc062723c751e8b465ee728b)  -> (artifact id: 'cca99709984ccb0f8ab07b2016577825') in 0.178120 seconds 
========================================================================
Received Import Request.
  Time since last request: 0.027138 seconds.
  path: Assets/Scripts/Drone/Controller.cs
  artifactKey: Guid(f049661dd330a9f4584cd165b0c0dfac) Importer(815301076,1909f56bfc062723c751e8b465ee728b)
Start importing Assets/Scripts/Drone/Controller.cs using Guid(f049661dd330a9f4584cd165b0c0dfac) Importer(815301076,1909f56bfc062723c751e8b465ee728b)  -> (artifact id: 'ac81ca73a7ddd2fb99b174f1426ca66d') in 0.005271 seconds 
========================================================================
Received Import Request.
  Time since last request: 0.006622 seconds.
  path: Assets/XRI/Settings/XRInteractionEditorSettings.asset
  artifactKey: Guid(b2565c40405417a499530a12f62d9954) Importer(815301076,1909f56bfc062723c751e8b465ee728b)
Start importing Assets/XRI/Settings/XRInteractionEditorSettings.asset using Guid(b2565c40405417a499530a12f62d9954) Importer(815301076,1909f56bfc062723c751e8b465ee728b)  -> (artifact id: '18b42aee30e0b68e28d4bf3b061448de') in 0.027938 seconds 
========================================================================
Received Import Request.
  Time since last request: 0.005682 seconds.
  path: Assets/XR/Loaders
  artifactKey: Guid(4aadc3144a702b446a142ed1cc92fb0d) Importer(815301076,1909f56bfc062723c751e8b465ee728b)
Start importing Assets/XR/Loaders using Guid(4aadc3144a702b446a142ed1cc92fb0d) Importer(815301076,1909f56bfc062723c751e8b465ee728b)  -> (artifact id: '36b181e5c3a356881c05512c20a533c1') in 0.005576 seconds 
========================================================================
Received Import Request.
  Time since last request: 0.206030 seconds.
  path: Assets/Meshes/Quad Drone/DronePatrol [gloss].png
  artifactKey: Guid(067a72c5beffab243abdb5acfa176f28) Importer(815301076,1909f56bfc062723c751e8b465ee728b)
Start importing Assets/Meshes/Quad Drone/DronePatrol [gloss].png using Guid(067a72c5beffab243abdb5acfa176f28) Importer(815301076,1909f56bfc062723c751e8b465ee728b)  -> (artifact id: 'dec0b0d8d7bb39ba1a8bebe20213ee27') in 0.177821 seconds 
========================================================================
Received Import Request.
  Time since last request: 0.012107 seconds.
  path: Assets/XR/Settings/AR Core Settings.asset
  artifactKey: Guid(ed3c9b3fde6cb7e4b93ea38efa9007d4) Importer(815301076,1909f56bfc062723c751e8b465ee728b)
Start importing Assets/XR/Settings/AR Core Settings.asset using Guid(ed3c9b3fde6cb7e4b93ea38efa9007d4) Importer(815301076,1909f56bfc062723c751e8b465ee728b)  -> (artifact id: '812b836f0a28104d10d0468c1b4f37a2') in 0.115211 seconds 
========================================================================
Received Import Request.
  Time since last request: 0.410946 seconds.
  path: Assets/Scenes/Main_Menu.unity
  artifactKey: Guid(5001d5502b78ac5428bde74e46c715c9) Importer(815301076,1909f56bfc062723c751e8b465ee728b)
Start importing Assets/Scenes/Main_Menu.unity using Guid(5001d5502b78ac5428bde74e46c715c9) Importer(815301076,1909f56bfc062723c751e8b465ee728b)  -> (artifact id: '12a50dbe4ed3d07fec8e0d04b3c9876c') in 0.012896 seconds 
========================================================================
Received Import Request.
  Time since last request: 0.008224 seconds.
  path: Assets/VIsual Object/Animations/VisualAnimation.anim
  artifactKey: Guid(88a239506e2ca524a849c8d5a43e1474) Importer(815301076,1909f56bfc062723c751e8b465ee728b)
Start importing Assets/VIsual Object/Animations/VisualAnimation.anim using Guid(88a239506e2ca524a849c8d5a43e1474) Importer(815301076,1909f56bfc062723c751e8b465ee728b)  -> (artifact id: '39344a94c65b9018b4c7f6afe8b91fdf') in 0.107005 seconds 
========================================================================
Received Import Request.
  Time since last request: 0.049174 seconds.
  path: Assets/Meshes/Quad Drone/Badge [gloss].png
  artifactKey: Guid(863791c96fc3147458a1b90da3ddf685) Importer(815301076,1909f56bfc062723c751e8b465ee728b)
Start importing Assets/Meshes/Quad Drone/Badge [gloss].png using Guid(863791c96fc3147458a1b90da3ddf685) Importer(815301076,1909f56bfc062723c751e8b465ee728b)  -> (artifact id: 'db8dc935cb2f2d6ec59b5864002e5ec5') in 0.076470 seconds 
========================================================================
Received Import Request.
  Time since last request: 0.031442 seconds.
  path: Assets/VIsual Object/Sprites/asset-13.png
  artifactKey: Guid(ef859cb7cbdc52648b9eb1b125a1b728) Importer(815301076,1909f56bfc062723c751e8b465ee728b)
Start importing Assets/VIsual Object/Sprites/asset-13.png using Guid(ef859cb7cbdc52648b9eb1b125a1b728) Importer(815301076,1909f56bfc062723c751e8b465ee728b)  -> (artifact id: '3c7f26f70de4219df08efd693b0c860f') in 0.045317 seconds 
========================================================================
Received Import Request.
  Time since last request: 0.050885 seconds.
  path: Assets/Scripts/Game/Variables.cs
  artifactKey: Guid(972f00ec2392108498bb826440b9d105) Importer(815301076,1909f56bfc062723c751e8b465ee728b)
Start importing Assets/Scripts/Game/Variables.cs using Guid(972f00ec2392108498bb826440b9d105) Importer(815301076,1909f56bfc062723c751e8b465ee728b)  -> (artifact id: '867980c8d471e854b75b33543101b7e8') in 0.011244 seconds 
========================================================================
Received Import Request.
  Time since last request: 0.032403 seconds.
  path: Assets/VIsual Object/Sprites/asset-6.png
  artifactKey: Guid(716472a7d0eb81e47a3b1cda8575e70b) Importer(815301076,1909f56bfc062723c751e8b465ee728b)
Start importing Assets/VIsual Object/Sprites/asset-6.png using Guid(716472a7d0eb81e47a3b1cda8575e70b) Importer(815301076,1909f56bfc062723c751e8b465ee728b)  -> (artifact id: '186cee44cf5494571187a3baa0700464') in 0.075904 seconds 
========================================================================
Received Import Request.
  Time since last request: 0.155712 seconds.
  path: Assets/Meshes/Quad Drone/Badge [emission].png
  artifactKey: Guid(ebd6e182dc2214f90abb6401c25647ad) Importer(815301076,1909f56bfc062723c751e8b465ee728b)
Start importing Assets/Meshes/Quad Drone/Badge [emission].png using Guid(ebd6e182dc2214f90abb6401c25647ad) Importer(815301076,1909f56bfc062723c751e8b465ee728b)  -> (artifact id: '0051642b3dd099ea366026c8ce64a405') in 0.098597 seconds 
========================================================================
Received Import Request.
  Time since last request: 0.072582 seconds.
  path: Assets/VIsual Object/Sprites/asset-5_2.png
  artifactKey: Guid(666f808187dc52a49b6c61cb351337b7) Importer(815301076,1909f56bfc062723c751e8b465ee728b)
Start importing Assets/VIsual Object/Sprites/asset-5_2.png using Guid(666f808187dc52a49b6c61cb351337b7) Importer(815301076,1909f56bfc062723c751e8b465ee728b)  -> (artifact id: '0b7b887bfe30aad59b5c499a0d2dca00') in 0.072366 seconds 
========================================================================
Received Import Request.
  Time since last request: 0.478272 seconds.
  path: Assets/Meshes/Quad Drone/DronePatrol [normals].png
  artifactKey: Guid(2a55c5d907f38374ea70e007f62ec176) Importer(815301076,1909f56bfc062723c751e8b465ee728b)
Start importing Assets/Meshes/Quad Drone/DronePatrol [normals].png using Guid(2a55c5d907f38374ea70e007f62ec176) Importer(815301076,1909f56bfc062723c751e8b465ee728b)  -> (artifact id: '80a07fff0959a6c5c8f2294ea2f6cd4c') in 0.240009 seconds 
========================================================================
Received Import Request.
  Time since last request: 0.057444 seconds.
  path: Assets/VIsual Object/Sprites/asset-3.png
  artifactKey: Guid(ab56c3cbd4e487b44ab15f27bc7d0550) Importer(815301076,1909f56bfc062723c751e8b465ee728b)
Start importing Assets/VIsual Object/Sprites/asset-3.png using Guid(ab56c3cbd4e487b44ab15f27bc7d0550) Importer(815301076,1909f56bfc062723c751e8b465ee728b)  -> (artifact id: '972c01b12fcaa317a610e54ed61bf48b') in 0.145218 seconds 
========================================================================
Received Import Request.
  Time since last request: 0.013687 seconds.
  path: Assets/Scripts/Input/User_Input.cs
  artifactKey: Guid(5bdd8d650d957014eb25bbed40cc93ee) Importer(815301076,1909f56bfc062723c751e8b465ee728b)
Start importing Assets/Scripts/Input/User_Input.cs using Guid(5bdd8d650d957014eb25bbed40cc93ee) Importer(815301076,1909f56bfc062723c751e8b465ee728b)  -> (artifact id: '60b7dee216228d72dd0b4ec2f3179841') in 0.037676 seconds 
========================================================================
Received Import Request.
  Time since last request: 0.011086 seconds.
  path: Assets/VIsual Object/Scripts
  artifactKey: Guid(f906a3822a93f144389981388346b4b4) Importer(815301076,1909f56bfc062723c751e8b465ee728b)
Start importing Assets/VIsual Object/Scripts using Guid(f906a3822a93f144389981388346b4b4) Importer(815301076,1909f56bfc062723c751e8b465ee728b)  -> (artifact id: '242008fb473820a5d8d54b2b76111b7f') in 0.018591 seconds 
========================================================================
Received Import Request.
  Time since last request: 0.102063 seconds.
  path: Assets/XR/XRGeneralSettings.asset
  artifactKey: Guid(6e2c2a62d53fb9c4890830520ec128f6) Importer(815301076,1909f56bfc062723c751e8b465ee728b)
Start importing Assets/XR/XRGeneralSettings.asset using Guid(6e2c2a62d53fb9c4890830520ec128f6) Importer(815301076,1909f56bfc062723c751e8b465ee728b)  -> (artifact id: 'e41890b4eb1078a6a0ce3be78646bcc4') in 0.255898 seconds 
========================================================================
Received Import Request.
  Time since last request: 0.119350 seconds.
  path: Assets/Meshes/Quad Drone/DronePatrol [height].png
  artifactKey: Guid(d3e196d01c4604f7dbaa498ae120d8a0) Importer(815301076,1909f56bfc062723c751e8b465ee728b)
Start importing Assets/Meshes/Quad Drone/DronePatrol [height].png using Guid(d3e196d01c4604f7dbaa498ae120d8a0) Importer(815301076,1909f56bfc062723c751e8b465ee728b)  -> (artifact id: 'c83b6f0c283766e2b52acd8e64b88529') in 0.121095 seconds 
========================================================================
Received Import Request.
  Time since last request: 0.161645 seconds.
  path: Assets/Meshes/Quad Drone/Badge [normals].png
  artifactKey: Guid(512f05da83b1c4cfd84463c6b13f5ebf) Importer(815301076,1909f56bfc062723c751e8b465ee728b)
Start importing Assets/Meshes/Quad Drone/Badge [normals].png using Guid(512f05da83b1c4cfd84463c6b13f5ebf) Importer(815301076,1909f56bfc062723c751e8b465ee728b)  -> (artifact id: '345d7de909c8ed18c9a492b73fc0e8db') in 0.089381 seconds 
========================================================================
Received Import Request.
  Time since last request: 0.046779 seconds.
  path: Assets/VIsual Object/Sprites/asset-8.png
  artifactKey: Guid(aadbbb6b14e655244929970a55a8ed44) Importer(815301076,1909f56bfc062723c751e8b465ee728b)
Start importing Assets/VIsual Object/Sprites/asset-8.png using Guid(aadbbb6b14e655244929970a55a8ed44) Importer(815301076,1909f56bfc062723c751e8b465ee728b)  -> (artifact id: 'b9e30d4f5fe4d46efe7f1e5dbe156cb7') in 0.068442 seconds 
========================================================================
Received Import Request.
  Time since last request: 0.102240 seconds.
  path: Assets/Meshes/Quad Drone/DronePatrol [occlusion].png
  artifactKey: Guid(e80a17ebcbdf8b944b1d0c437a094bb0) Importer(815301076,1909f56bfc062723c751e8b465ee728b)
Start importing Assets/Meshes/Quad Drone/DronePatrol [occlusion].png using Guid(e80a17ebcbdf8b944b1d0c437a094bb0) Importer(815301076,1909f56bfc062723c751e8b465ee728b)  -> (artifact id: 'c5f09aa8691a5880781d9711cb8f61cc') in 0.122478 seconds 
========================================================================
Received Import Request.
  Time since last request: 0.090722 seconds.
  path: Assets/VIsual Object/Scripts/PlacementIndicator.cs
  artifactKey: Guid(557255881add04d4695dd0b564024dd5) Importer(815301076,1909f56bfc062723c751e8b465ee728b)
Start importing Assets/VIsual Object/Scripts/PlacementIndicator.cs using Guid(557255881add04d4695dd0b564024dd5) Importer(815301076,1909f56bfc062723c751e8b465ee728b)  -> (artifact id: '229746ba6f437c259cba00e410958ad2') in 0.007066 seconds 
========================================================================
Received Import Request.
  Time since last request: 0.039205 seconds.
  path: Assets/VIsual Object/Sprites/asset-4.png
  artifactKey: Guid(0b358fceadc0d204e81718845f05aa90) Importer(815301076,1909f56bfc062723c751e8b465ee728b)
Start importing Assets/VIsual Object/Sprites/asset-4.png using Guid(0b358fceadc0d204e81718845f05aa90) Importer(815301076,1909f56bfc062723c751e8b465ee728b)  -> (artifact id: '48e2d097c8f266eaf9366b153868eb12') in 0.056036 seconds 
========================================================================
Received Import Request.
  Time since last request: 0.058350 seconds.
  path: Assets/Scripts/Drone/Drone.cs
  artifactKey: Guid(c266f2f53100fc4428d87876785ea7b5) Importer(815301076,1909f56bfc062723c751e8b465ee728b)
Start importing Assets/Scripts/Drone/Drone.cs using Guid(c266f2f53100fc4428d87876785ea7b5) Importer(815301076,1909f56bfc062723c751e8b465ee728b)  -> (artifact id: 'd1de74257d639337493d70d9b78b92af') in 0.042261 seconds 
========================================================================
Received Import Request.
  Time since last request: 0.042504 seconds.
  path: Assets/VIsual Object/Sprites/asset-14.png
  artifactKey: Guid(c5b577caf89212341a934258643524fa) Importer(815301076,1909f56bfc062723c751e8b465ee728b)
Start importing Assets/VIsual Object/Sprites/asset-14.png using Guid(c5b577caf89212341a934258643524fa) Importer(815301076,1909f56bfc062723c751e8b465ee728b)  -> (artifact id: '2f9a4b1388bf14c4cebf1ffbf366fbbc') in 0.077506 seconds 
========================================================================
Received Import Request.
  Time since last request: 0.337899 seconds.
  path: Assets/XR/Loaders/AR Core Loader.asset
  artifactKey: Guid(5804ceb5a9e7bcc40ac8c1a615e24dba) Importer(815301076,1909f56bfc062723c751e8b465ee728b)
Start importing Assets/XR/Loaders/AR Core Loader.asset using Guid(5804ceb5a9e7bcc40ac8c1a615e24dba) Importer(815301076,1909f56bfc062723c751e8b465ee728b)  -> (artifact id: '8b340640191a1456c6d8335027a79038') in 0.021291 seconds 
========================================================================
Received Import Request.
  Time since last request: 0.054561 seconds.
  path: Assets/VIsual Object/Sprites/asset-9_2.png
  artifactKey: Guid(9477c4586b8a12c4cb01a96e8e0f51eb) Importer(815301076,1909f56bfc062723c751e8b465ee728b)
Start importing Assets/VIsual Object/Sprites/asset-9_2.png using Guid(9477c4586b8a12c4cb01a96e8e0f51eb) Importer(815301076,1909f56bfc062723c751e8b465ee728b)  -> (artifact id: '1a8fcd766b508a8a2189709390886f66') in 0.051943 seconds 
========================================================================
Received Import Request.
  Time since last request: 0.059415 seconds.
  path: Assets/Meshes/Quad Drone/DronePatrol [emission].png
  artifactKey: Guid(86d35dce1f68f42c5806917e33ced28f) Importer(815301076,1909f56bfc062723c751e8b465ee728b)
Start importing Assets/Meshes/Quad Drone/DronePatrol [emission].png using Guid(86d35dce1f68f42c5806917e33ced28f) Importer(815301076,1909f56bfc062723c751e8b465ee728b)  -> (artifact id: '3059d5ceb7ea78e555a44bd59ce48890') in 0.192919 seconds 
========================================================================
Received Import Request.
  Time since last request: 0.121691 seconds.
  path: Assets/VIsual Object/Animations
  artifactKey: Guid(1f584908748e009408b1e4550a67e224) Importer(815301076,1909f56bfc062723c751e8b465ee728b)
Start importing Assets/VIsual Object/Animations using Guid(1f584908748e009408b1e4550a67e224) Importer(815301076,1909f56bfc062723c751e8b465ee728b)  -> (artifact id: 'df827b140c4e59dd33ae9c9c2040287b') in 0.038346 seconds 
========================================================================
Received Import Request.
  Time since last request: 0.006972 seconds.
  path: Assets/VIsual Object
  artifactKey: Guid(0fddca32a9e7ef946b25a05d06160852) Importer(815301076,1909f56bfc062723c751e8b465ee728b)
Start importing Assets/VIsual Object using Guid(0fddca32a9e7ef946b25a05d06160852) Importer(815301076,1909f56bfc062723c751e8b465ee728b)  -> (artifact id: '07ed3198a6ab375223b5d6da553788db') in 0.029399 seconds 
========================================================================
Received Import Request.
  Time since last request: 0.023667 seconds.
  path: Assets/VIsual Object/Animations/PlacementObject.controller
  artifactKey: Guid(8da52d912ed75bd4fbc9f30beaeb2439) Importer(815301076,1909f56bfc062723c751e8b465ee728b)
Start importing Assets/VIsual Object/Animations/PlacementObject.controller using Guid(8da52d912ed75bd4fbc9f30beaeb2439) Importer(815301076,1909f56bfc062723c751e8b465ee728b)  -> (artifact id: '924052a2527d7622f50d4f281b58b033') in 0.051188 seconds 
========================================================================
Received Import Request.
  Time since last request: 0.006408 seconds.
  path: Assets/XR/Settings
  artifactKey: Guid(c089cde010b7ae04193819063bc5c35d) Importer(815301076,1909f56bfc062723c751e8b465ee728b)
Start importing Assets/XR/Settings using Guid(c089cde010b7ae04193819063bc5c35d) Importer(815301076,1909f56bfc062723c751e8b465ee728b)  -> (artifact id: 'a003e985870d8183397b8626a02eaa53') in 0.019572 seconds 
